_______________________________________
2014-04-22 17:54:58  group 6 fail Входная строка имела неверный формат.
_______________________________________
2014-04-22 17:54:58  group 6 true
_______________________________________
2014-04-22 17:54:58  group 5 fail Входная строка имела неверный формат.
_______________________________________
2014-04-22 17:54:58  group 5 true
_______________________________________
2014-04-22 17:54:58  group 4 14,35
_______________________________________
2014-04-22 17:54:58  group 3 5,7,10,36
_______________________________________
2014-04-22 17:54:58  group 2 4,8,3,9,15,32
_______________________________________
2014-04-22 17:54:58  group 1 2,26,29,21,23,17,30,27,18,24,12,34,13,31,16,19,33,20,28
_______________________________________
2014-04-22 17:54:58  group 0 25,1,6
_______________________________________
2014-04-22 17:54:58 in UtsService
_______________________________________
2014-04-22 17:54:58 {"method":"hotel_verify","id":0,"params":["10091509911-123-123-20",10284964,["hb_456691_167877"]]}
_______________________________________
2014-04-22 17:53:59 {"jsonrpc":"2.0","id":0,"error":{"code":-32039,"message":"unknown variantId","data":null}}
_______________________________________
2014-04-22 17:52:48  group 6 fail Входная строка имела неверный формат.
_______________________________________
2014-04-22 17:52:48  group 6 true
_______________________________________
2014-04-22 17:52:48  group 5 fail Входная строка имела неверный формат.
_______________________________________
2014-04-22 17:52:48  group 5 true
_______________________________________
2014-04-22 17:52:48  group 4 14,35
_______________________________________
2014-04-22 17:52:48  group 3 5,7,10,36
_______________________________________
2014-04-22 17:52:48  group 2 4,8,3,9,15,32
_______________________________________
2014-04-22 17:52:48  group 1 2,26,29,21,23,17,30,27,18,24,12,34,13,31,16,19,33,20,28
_______________________________________
2014-04-22 17:52:48  group 0 25,1,6
_______________________________________
2014-04-22 17:52:48 in UtsService
_______________________________________
2014-04-22 17:52:48 {"method":"hotel_verify","id":0,"params":["10091509911-123-123-20",10284964,["hb_456691_167877"]]}
_______________________________________
2014-04-22 17:52:34 {"jsonrpc":"2.0","id":0,"error":{"code":-32039,"message":"unknown variantId","data":null}}
_______________________________________
2014-04-22 17:50:56  group 6 fail Входная строка имела неверный формат.
_______________________________________
2014-04-22 17:50:56  group 6 true
_______________________________________
2014-04-22 17:50:56  group 5 fail Входная строка имела неверный формат.
_______________________________________
2014-04-22 17:50:56  group 5 true
_______________________________________
2014-04-22 17:50:56  group 4 14,35
_______________________________________
2014-04-22 17:50:56  group 3 5,7,10,36
_______________________________________
2014-04-22 17:50:56  group 2 4,8,3,9,15,32
_______________________________________
2014-04-22 17:50:56  group 1 2,26,29,21,23,17,30,27,18,24,12,34,13,31,16,19,33,20,28
_______________________________________
2014-04-22 17:50:56  group 0 25,1,6
_______________________________________
2014-04-22 17:50:56 in UtsService
_______________________________________
2014-04-22 17:50:56 {"method":"hotel_verify","id":0,"params":["10091509911-123-123-20",10284964,["hb_45669961_92167877"]]}
_______________________________________
2014-04-22 17:50:51 {"jsonrpc":"2.0","id":0,"error":{"code":-32039,"message":"unknown variantId","data":null}}
_______________________________________
2014-04-22 17:49:13  group 6 fail Входная строка имела неверный формат.
_______________________________________
2014-04-22 17:49:13  group 6 true
_______________________________________
2014-04-22 17:49:13  group 5 fail Входная строка имела неверный формат.
_______________________________________
2014-04-22 17:49:13  group 5 true
_______________________________________
2014-04-22 17:49:13  group 4 14,35
_______________________________________
2014-04-22 17:49:13  group 3 5,7,10,36
_______________________________________
2014-04-22 17:49:13  group 2 4,8,3,9,15,32
_______________________________________
2014-04-22 17:49:13  group 1 2,26,29,21,23,17,30,27,18,24,12,34,13,31,16,19,33,20,28
_______________________________________
2014-04-22 17:49:13  group 0 25,1,6
_______________________________________
2014-04-22 17:49:13 in UtsService
_______________________________________
2014-04-22 17:49:13 {"method":"hotel_verify","id":0,"params":["10091509911-123-123-20",10284964,["hb_45669961_92167877"]]}
_______________________________________
2014-04-22 17:47:56 {"jsonrpc":"2.0","id":0,"error":{"code":-32000,"message":"Удаленный сервер возвратил ошибку: (504) Истекло время ожидания шлюза.","data":[{"name":"WebException","message":"Удаленный сервер возвратил ошибку: (504) Истекло время ожидания шлюза."}]}}
_______________________________________
2014-04-22 17:46:23  group 6 fail Входная строка имела неверный формат.
_______________________________________
2014-04-22 17:46:23  group 6 true
_______________________________________
2014-04-22 17:46:23  group 5 fail Входная строка имела неверный формат.
_______________________________________
2014-04-22 17:46:23  group 5 true
_______________________________________
2014-04-22 17:46:23  group 4 14,35
_______________________________________
2014-04-22 17:46:23  group 3 5,7,10,36
_______________________________________
2014-04-22 17:46:23  group 2 4,8,3,9,15,32
_______________________________________
2014-04-22 17:46:23  group 1 2,26,29,21,23,17,30,27,18,24,12,34,13,31,16,19,33,20,28
_______________________________________
2014-04-22 17:46:23  group 0 25,1,6
_______________________________________
2014-04-22 17:46:23 in UtsService
_______________________________________
2014-04-22 17:46:23 {"method":"hotel_verify","id":0,"params":["10091509911-123-123-20",10284964,["hb_45669961_92167877"]]}
_______________________________________
2014-04-22 17:44:33 {"jsonrpc":"2.0","id":0,"error":{"code":-32039,"message":"unknown variantId","data":null}}
_______________________________________
2014-04-22 17:44:21  group 6 fail Входная строка имела неверный формат.
_______________________________________
2014-04-22 17:44:21  group 6 true
_______________________________________
2014-04-22 17:44:21  group 5 fail Входная строка имела неверный формат.
_______________________________________
2014-04-22 17:44:21  group 5 true
_______________________________________
2014-04-22 17:44:21  group 4 14,35
_______________________________________
2014-04-22 17:44:21  group 3 5,7,10,36
_______________________________________
2014-04-22 17:44:21  group 2 4,8,3,9,15,32
_______________________________________
2014-04-22 17:44:21  group 1 2,26,29,21,23,17,30,27,18,24,12,34,13,31,16,19,33,20,28
_______________________________________
2014-04-22 17:44:21  group 0 25,1,6
_______________________________________
2014-04-22 17:44:21 in UtsService
_______________________________________
2014-04-22 17:44:21 {"method":"hotel_verify","id":0,"params":["10091509911-123-123-20",10284964,["hb_45669961_92167877"]]}
_______________________________________
2014-04-22 17:06:49 {"jsonrpc":"2.0","id":0,"error":{"code":-32039,"message":"unknown variantId","data":null}}
_______________________________________
2014-04-22 17:06:17  group 6 fail Входная строка имела неверный формат.
_______________________________________
2014-04-22 17:06:17  group 6 true
_______________________________________
2014-04-22 17:06:17  group 5 fail Входная строка имела неверный формат.
_______________________________________
2014-04-22 17:06:17  group 5 true
_______________________________________
2014-04-22 17:06:17  group 4 14,35
_______________________________________
2014-04-22 17:06:17  group 3 5,7,10,36
_______________________________________
2014-04-22 17:06:17  group 2 4,8,3,9,15,32
_______________________________________
2014-04-22 17:06:17  group 1 2,26,29,21,23,17,30,27,18,24,12,34,13,31,16,19,33,20,28
_______________________________________
2014-04-22 17:06:17  group 0 25,1,6
_______________________________________
2014-04-22 17:06:17 in UtsService
_______________________________________
2014-04-22 17:06:17 {"method":"hotel_verify","id":0,"params":["10091509911-123-123-20",10284964,["hb_45669961_92167877"]]}
_______________________________________
2014-04-22 17:05:45 {"jsonrpc":"2.0","id":0,"error":{"code":-32000,"message":"Данный ключ отсутствует в словаре.","data":[{"name":"KeyNotFoundException","message":"Данный ключ отсутствует в словаре."}]}}
_______________________________________
2014-04-22 17:05:45 {"method":"hotel_verify","id":0,"params":["10091509911-123-123-20",10284964,["hb_45669961_92167877"]]}
_______________________________________
2014-04-22 17:05:40 {"jsonrpc":"2.0","id":0,"error":{"code":-32000,"message":"Данный ключ отсутствует в словаре.","data":[{"name":"KeyNotFoundException","message":"Данный ключ отсутствует в словаре."}]}}
_______________________________________
2014-04-22 17:05:40 {"method":"hotel_verify","id":0,"params":["10091509911-123-123-20",10284964,["hb_45669961_92167877"]]}
_______________________________________
2014-04-22 17:03:51 {"jsonrpc":"2.0","id":0,"result":{"search_state":{"completed":true,"hotels_count":22,"hash":"22451792"},"hotels":[{"id":10005982,"rooms":[{"variants":[{"variant_id":"hb_45669961_92167547","pansion_title":"Завтрак Шведский стол","pansion_group_id":1,"room_title":"DBL/TWIN","room_category":"STD ROH","roomInfo":"Twin room","price":{"RUB":18003,"USD":495,"EUR":358,"BYR":4933680,"UAH":5592,"KZT":90096}}],"children_ages":[],"children":0,"adults":2}]},{"id":10128872,"rooms":[{"variants":[{"variant_id":"hb_45669961_92167439","pansion_title":"Завтрак","pansion_group_id":1,"room_title":"DBL","room_category":"STD ROH","roomInfo":"DBL Standard","price":{"RUB":26762,"USD":736,"EUR":532,"BYR":7334064,"UAH":8312,"KZT":133931}}],"children_ages":[],"children":0,"adults":2}]},{"id":10026939,"rooms":[{"variants":[{"variant_id":"hb_45669961_92167593","pansion_title":"Завтрак Шведский стол","pansion_group_id":1,"room_title":"DBL/TWIN","room_category":"STD ROH","roomInfo":"Double Room","price":{"RUB":16618,"USD":457,"EUR":330,"BYR":4554124,"UAH":5161,"KZT":83165}}],"children_ages":[],"children":0,"adults":2}]},{"id":10005990,"rooms":[{"variants":[{"variant_id":"hb_45669961_92167583","pansion_title":"Завтрак Шведский стол","pansion_group_id":1,"room_title":"DBL/TWIN","room_category":"STD ROH","roomInfo":"Double Room","price":{"RUB":26311,"USD":723,"EUR":523,"BYR":7210469,"UAH":8172,"KZT":131674}}],"children_ages":[],"children":0,"adults":2}]},{"id":10042927,"rooms":[{"variants":[{"variant_id":"hb_45669961_92167493","pansion_title":"Завтрак Шведский стол","pansion_group_id":1,"room_title":"DBL/TWIN","room_category":"STD ROH","roomInfo":"Standard Room","price":{"RUB":24927,"USD":685,"EUR":496,"BYR":6831187,"UAH":7742,"KZT":124747}}],"children_ages":[],"children":0,"adults":2}]},{"id":10230339,"rooms":[{"variants":[{"variant_id":"hb_45669961_92167481","pansion_title":"Завтрак","pansion_group_id":1,"room_title":"DBL/TWIN","room_category":"STD ROH","roomInfo":"Double Room, Partial Sea View","price":{"RUB":26158,"USD":719,"EUR":520,"BYR":7168539,"UAH":8124,"KZT":130908}}],"children_ages":[],"children":0,"adults":2}]},{"id":10126417,"rooms":[{"variants":[{"variant_id":"hb_45669961_92167510","pansion_title":"Завтрак Шведский стол","pansion_group_id":1,"room_title":"DBL/TWIN","room_category":"STD ROH","roomInfo":"Standard Double or Twin Room","price":{"RUB":31389,"USD":863,"EUR":624,"BYR":8602083,"UAH":9749,"KZT":157086}}],"children_ages":[],"children":0,"adults":2}]},{"id":10128853,"rooms":[{"variants":[{"variant_id":"hb_45669961_92167519","pansion_title":"Завтрак Шведский стол","pansion_group_id":1,"room_title":"DBL/TWIN","room_category":"STD ROH","roomInfo":"Studio","price":{"RUB":26604,"USD":731,"EUR":529,"BYR":7290765,"UAH":8263,"KZT":133140}}],"children_ages":[],"children":0,"adults":2}]},{"id":10038675,"rooms":[{"variants":[{"variant_id":"hb_45669961_92167545","pansion_title":"Завтрак","pansion_group_id":1,"room_title":"DBL/TWIN","room_category":"STD ROH","roomInfo":"Apartment, 1 Bedroom","price":{"RUB":19387,"USD":533,"EUR":386,"BYR":5312962,"UAH":6021,"KZT":97022}}],"children_ages":[],"children":0,"adults":2}]},{"id":10196261,"rooms":[{"variants":[{"variant_id":"hb_45669961_92167551","pansion_title":"Завтрак Шведский стол","pansion_group_id":1,"room_title":"DBL/TWIN","room_category":"STD ROH","roomInfo":"Standard Double Room","price":{"RUB":18280,"USD":502,"EUR":364,"BYR":5009592,"UAH":5678,"KZT":91482}}],"children_ages":[],"children":0,"adults":2}]},{"id":10214491,"rooms":[{"variants":[{"variant_id":"hb_45669961_92167557","pansion_title":"Завтрак Шведский стол","pansion_group_id":1,"room_title":"DBL/TWIN","room_category":"STD ROH","roomInfo":"Studio","price":{"RUB":20861,"USD":573,"EUR":415,"BYR":5716909,"UAH":6479,"KZT":104399}}],"children_ages":[],"children":0,"adults":2}]},{"id":10029707,"rooms":[{"variants":[{"variant_id":"hb_45669961_92167575","pansion_title":"Завтрак Шведский стол","pansion_group_id":1,"room_title":"DBL/TWIN","room_category":"STD ROH","roomInfo":"Standard Room, Courtyard View","price":{"RUB":18612,"USD":512,"EUR":370,"BYR":5100576,"UAH":5781,"KZT":93144}}],"children_ages":[],"children":0,"adults":2}]},{"id":10128881,"rooms":[{"variants":[{"variant_id":"hb_45669961_92167604","pansion_title":"Завтрак","pansion_group_id":1,"room_title":"DBL/TWIN","room_category":"STD Standard","roomInfo":"STUDIO STANDARD","price":{"RUB":13705,"USD":377,"EUR":273,"BYR":3755824,"UAH":4257,"KZT":68587}}],"children_ages":[],"children":0,"adults":2}]},{"id":10024900,"rooms":[{"variants":[{"variant_id":"hb_45669961_92167607","pansion_title":"Завтрак","pansion_group_id":1,"room_title":"DBL/TWIN","room_category":"STD Standard","roomInfo":"Double or Twin STANDARD","price":{"RUB":11610,"USD":319,"EUR":231,"BYR":3181694,"UAH":3606,"KZT":58102}}],"children_ages":[],"children":0,"adults":2}]},{"id":10203046,"rooms":[{"variants":[{"variant_id":"hb_45669961_92167642","pansion_title":"Завтрак","pansion_group_id":1,"room_title":"DBL/TWIN","room_category":"STD Standard","roomInfo":"STUDIO STANDARD","price":{"RUB":20068,"USD":552,"EUR":399,"BYR":5499589,"UAH":6233,"KZT":100430}}],"children_ages":[],"children":0,"adults":2}]},{"id":10065326,"rooms":[{"variants":[{"variant_id":"hb_45669961_92167670","pansion_title":"Завтрак","pansion_group_id":1,"room_title":"DBL/TWIN","room_category":"STD Standard","roomInfo":"Double or Twin STANDARD","price":{"RUB":21795,"USD":599,"EUR":433,"BYR":5972869,"UAH":6769,"KZT":109073}}],"children_ages":[],"children":0,"adults":2}]},{"id":10176912,"rooms":[{"variants":[{"variant_id":"hb_45669961_92167823","pansion_title":"Завтрак + ужин","pansion_group_id":2,"room_title":"DBL","room_category":"STD ROH","roomInfo":"DBL; Dbl/Twin Balc / Terr-SideSeaVw","price":{"RUB":20753,"USD":570,"EUR":413,"BYR":5687312,"UAH":6446,"KZT":103858}}],"children_ages":[],"children":0,"adults":2}]},{"id":10065324,"rooms":[{"variants":[{"variant_id":"hb_45669961_92167827","pansion_title":"Завтрак","pansion_group_id":1,"room_title":"DBL","room_category":"STD ROH","roomInfo":"DBL; Apartment","price":{"RUB":22368,"USD":615,"EUR":445,"BYR":6129899,"UAH":6947,"KZT":111941}}],"children_ages":[],"children":0,"adults":2}]},{"id":10284958,"rooms":[{"variants":[{"variant_id":"hb_45669961_92167849","pansion_title":"Завтрак","pansion_group_id":1,"room_title":"DBL/TWIN","room_category":"STD ROH","roomInfo":"Twin/Double Room","price":{"RUB":14414,"USD":396,"EUR":287,"BYR":3950123,"UAH":4477,"KZT":72135}}],"children_ages":[],"children":0,"adults":2}]},{"id":10284964,"rooms":[{"variants":[{"variant_id":"hb_45669961_92167877","pansion_title":"Завтрак","pansion_group_id":1,"room_title":"DBL/TWIN","room_category":"STD ROH","roomInfo":"Twin/Double Room","price":{"RUB":16473,"USD":453,"EUR":328,"BYR":4514388,"UAH":5116,"KZT":82439}}],"children_ages":[],"children":0,"adults":2}]},{"id":10030033,"rooms":[{"variants":[{"variant_id":"hb_45669961_92167890","pansion_title":"Завтрак","pansion_group_id":1,"room_title":"DBL/TWIN","room_category":"STD ROH","roomInfo":"DBL/TWIN Studio Room","price":{"RUB":20063,"USD":551,"EUR":399,"BYR":5498219,"UAH":6231,"KZT":100405}}],"children_ages":[],"children":0,"adults":2}]},{"id":10212300,"rooms":[{"variants":[{"variant_id":"hb_45669961_92168115","pansion_title":"Завтрак","pansion_group_id":1,"room_title":"DBL","room_category":"STD ROH","roomInfo":"DBL classic studio apartment","price":{"RUB":16631,"USD":457,"EUR":331,"BYR":4557687,"UAH":5165,"KZT":83230}}],"children_ages":[],"children":0,"adults":2}]}]}}
_______________________________________
2014-04-22 17:03:50 {"method":"hotel_get_current_hotels","id":0,"params":["10091509911-123-123-20"]}
_______________________________________
2014-04-22 17:03:43 20 done
_______________________________________
2014-04-22 17:03:43 iteration 19 done
_______________________________________
2014-04-22 17:03:41 iteration 19 started
_______________________________________
2014-04-22 17:03:41 iteration 18 done
_______________________________________
2014-04-22 17:03:40 from redis
_______________________________________
2014-04-22 17:03:40 iteration 18 started
_______________________________________
2014-04-22 17:03:40 iteration 17 done
_______________________________________
2014-04-22 17:03:39 in GetCurrentResults
_______________________________________
2014-04-22 17:03:39 iteration 17 started
_______________________________________
2014-04-22 17:03:39 iteration 16 done
_______________________________________
2014-04-22 17:03:37 from redis
_______________________________________
2014-04-22 17:03:37 iteration 16 started
_______________________________________
2014-04-22 17:03:37 iteration 15 done
_______________________________________
2014-04-22 17:03:36 in GetCurrentResults
_______________________________________
2014-04-22 17:03:36 iteration 15 started
_______________________________________
2014-04-22 17:03:36 iteration 14 done
_______________________________________
2014-04-22 17:03:35 from redis
_______________________________________
2014-04-22 17:03:34 iteration 14 started
_______________________________________
2014-04-22 17:03:34 iteration 13 done
_______________________________________
2014-04-22 17:03:33 iteration 13 started
_______________________________________
2014-04-22 17:03:33 iteration 12 done
_______________________________________
2014-04-22 17:03:32 iteration 12 started
_______________________________________
2014-04-22 17:03:32 iteration 11 done
_______________________________________
2014-04-22 17:03:32 in GetCurrentResults
_______________________________________
2014-04-22 17:03:31 iteration 11 started
_______________________________________
2014-04-22 17:03:31 iteration 10 done
_______________________________________
2014-04-22 17:03:31 in GetCurrentResults
_______________________________________
2014-04-22 17:03:30 iteration 10 started
_______________________________________
2014-04-22 17:03:30 iteration 9 done
_______________________________________
2014-04-22 17:03:30 from redis
_______________________________________
2014-04-22 17:03:29 iteration 9 started
_______________________________________
2014-04-22 17:03:29 iteration 8 done
_______________________________________
2014-04-22 17:03:28 in GetCurrentResults
_______________________________________
2014-04-22 17:03:28 iteration 8 started
_______________________________________
2014-04-22 17:03:28 iteration 7 done
_______________________________________
2014-04-22 17:03:27 in GetCurrentResults
_______________________________________
2014-04-22 17:03:27 from redis
_______________________________________
2014-04-22 17:03:26 iteration 7 started
_______________________________________
2014-04-22 17:03:26 iteration 6 done
_______________________________________
2014-04-22 17:03:25 iteration 6 started
_______________________________________
2014-04-22 17:03:25 iteration 5 done
_______________________________________
2014-04-22 17:03:25 in GetCurrentResults
_______________________________________
2014-04-22 17:03:24 in GetCurrentResults
_______________________________________
2014-04-22 17:03:24 iteration 5 started
_______________________________________
2014-04-22 17:03:24 iteration 4 done
_______________________________________
2014-04-22 17:03:24 in GetCurrentResults
_______________________________________
2014-04-22 17:03:24 in GetCurrentResults
_______________________________________
2014-04-22 17:03:23 iteration 4 started
_______________________________________
2014-04-22 17:03:23 iteration 3 done
_______________________________________
2014-04-22 17:03:23 in GetCurrentResults
_______________________________________
2014-04-22 17:03:23 in GetCurrentResults
_______________________________________
2014-04-22 17:03:22 in GetCurrentResults
_______________________________________
2014-04-22 17:03:22 iteration 3 started
_______________________________________
2014-04-22 17:03:22 iteration 2 done
_______________________________________
2014-04-22 17:03:22 in GetCurrentResults
_______________________________________
2014-04-22 17:03:22 in GetCurrentResults
_______________________________________
2014-04-22 17:03:21 iteration 2 started
_______________________________________
2014-04-22 17:03:21 iteration 1 done
_______________________________________
2014-04-22 17:03:21 in GetCurrentResults
_______________________________________
2014-04-22 17:03:20 iteration 1 started
_______________________________________
2014-04-22 17:03:20 iteration 0 done
_______________________________________
2014-04-22 17:03:20 {"jsonrpc":"2.0","id":0,"result":"10091509911-123-123-20"}
_______________________________________
2014-04-22 17:03:19 in StartSearch
_______________________________________
2014-04-22 17:03:19 iteration 0 started
_______________________________________
2014-04-22 17:03:19  group 6 fail Входная строка имела неверный формат.
_______________________________________
2014-04-22 17:03:19  group 6 true
_______________________________________
2014-04-22 17:03:19  group 5 fail Входная строка имела неверный формат.
_______________________________________
2014-04-22 17:03:19  group 5 true
_______________________________________
2014-04-22 17:03:19  group 4 14,35
_______________________________________
2014-04-22 17:03:19  group 3 5,7,10,36
_______________________________________
2014-04-22 17:03:19  group 2 4,8,3,9,15,32
_______________________________________
2014-04-22 17:03:19  group 1 2,26,29,21,23,17,30,27,18,24,12,34,13,31,16,19,33,20,28
_______________________________________
2014-04-22 17:03:19  group 0 25,1,6
_______________________________________
2014-04-22 17:03:19 in UtsService
_______________________________________
2014-04-22 17:03:19 init__hotel_search
_______________________________________
2014-04-22 17:03:19 {"method":"hotel_init_search","id":0,"params":[911,"2014-09-10","2014-09-15",[1,2,3],[1,2,3],[{"adults":2,"children":0,"children_ages":[]}]]}
_______________________________________
2014-04-22 17:02:34 {"jsonrpc":"2.0","id":0,"error":{"code":-32000,"message":"Индекс и длина должны указывать на позицию в строке.\r\nИмя параметра: length","data":[{"name":"ArgumentOutOfRangeException","message":"Индекс и длина должны указывать на позицию в строке.\r\nИмя параметра: length"}]}}
_______________________________________
2014-04-22 17:02:34 {"method":"hotel_verify","id":0,"params":["srch_id",1,["hb_45665305_91805433"]]}
_______________________________________
2014-04-22 16:18:15 {"jsonrpc":"2.0","id":0,"result":[{"variants":[{"variant_id":"hb_45665305_91805433","pansion_title":"Завтрак","pansion_group_id":1,"room_title":"DBL","room_category":"Leisure Standard ROH","roomInfo":"DBL Leisure Standard","price":{"RUB":13455,"USD":370,"EUR":268,"BYR":3687312,"UAH":4179,"KZT":67336}},{"variant_id":"hb_45665305_91805434","pansion_title":"Завтрак","pansion_group_id":1,"room_title":"TWIN","room_category":"Leisure Standard ROH","roomInfo":"TWIN Leisure Standard","price":{"RUB":13455,"USD":370,"EUR":268,"BYR":3687312,"UAH":4179,"KZT":67336}},{"variant_id":"hb_45665305_91805569","pansion_title":"Завтрак","pansion_group_id":1,"room_title":"DBL","room_category":"STD ROH","roomInfo":"STD Double Room - With Breakfast ROH","price":{"RUB":11045,"USD":304,"EUR":220,"BYR":3026857,"UAH":3430,"KZT":55275}},{"variant_id":"hb_45665305_91805436","pansion_title":"Завтрак","pansion_group_id":1,"room_title":"TWIN","room_category":"STD ROH","roomInfo":"TWIN Standard","price":{"RUB":13381,"USD":368,"EUR":266,"BYR":3667032,"UAH":4156,"KZT":66965}},{"variant_id":"hb_45665305_91805513","pansion_title":"Завтрак Шведский стол","pansion_group_id":1,"room_title":"DBL/TWIN","room_category":"STD ROH","roomInfo":"Twin room","price":{"RUB":12002,"USD":330,"EUR":239,"BYR":3289120,"UAH":3728,"KZT":60064}}],"children_ages":[],"children":0,"adults":2}]}
_______________________________________
2014-04-22 16:18:13 {"method":"hotel_get_rooms","id":0,"params":["14091709911-123-123-20",10005982]}
_______________________________________
2014-04-22 16:08:16 {"jsonrpc":"2.0","id":0,"result":[{"variants":[{"variant_id":"hb_45665305_91805433","pansion_title":"Завтрак","pansion_group_id":1,"room_title":"DBL","room_category":"Leisure Standard ROH","roomInfo":"DBL Leisure Standard","price":{"RUB":13455,"USD":370,"EUR":268,"BYR":3687312,"UAH":4179,"KZT":67336}},{"variant_id":"hb_45665305_91805434","pansion_title":"Завтрак","pansion_group_id":1,"room_title":"TWIN","room_category":"Leisure Standard ROH","roomInfo":"TWIN Leisure Standard","price":{"RUB":13455,"USD":370,"EUR":268,"BYR":3687312,"UAH":4179,"KZT":67336}},{"variant_id":"hb_45665305_91805569","pansion_title":"Завтрак","pansion_group_id":1,"room_title":"DBL","room_category":"STD ROH","roomInfo":"STD Double Room - With Breakfast ROH","price":{"RUB":11045,"USD":304,"EUR":220,"BYR":3026857,"UAH":3430,"KZT":55275}},{"variant_id":"hb_45665305_91805436","pansion_title":"Завтрак","pansion_group_id":1,"room_title":"TWIN","room_category":"STD ROH","roomInfo":"TWIN Standard","price":{"RUB":13381,"USD":368,"EUR":266,"BYR":3667032,"UAH":4156,"KZT":66965}},{"variant_id":"hb_45665305_91805513","pansion_title":"Завтрак Шведский стол","pansion_group_id":1,"room_title":"DBL/TWIN","room_category":"STD ROH","roomInfo":"Twin room","price":{"RUB":12002,"USD":330,"EUR":239,"BYR":3289120,"UAH":3728,"KZT":60064}}],"children_ages":[],"children":0,"adults":2}]}
_______________________________________
2014-04-22 16:08:16 11 done
_______________________________________
2014-04-22 16:08:16 iteration 10 done
_______________________________________
2014-04-22 16:08:15 iteration 10 started
_______________________________________
2014-04-22 16:08:15 iteration 9 done
_______________________________________
2014-04-22 16:08:15 newroom 2_0
_______________________________________
2014-04-22 16:08:15 oldroom 2_0
_______________________________________
2014-04-22 16:08:14 iteration 9 started
_______________________________________
2014-04-22 16:08:14 iteration 8 done
_______________________________________
2014-04-22 16:08:13 from redis
_______________________________________
2014-04-22 16:08:13 iteration 8 started
_______________________________________
2014-04-22 16:08:12 iteration 7 done
_______________________________________
2014-04-22 16:08:10 iteration 7 started
_______________________________________
2014-04-22 16:08:10 iteration 6 done
_______________________________________
2014-04-22 16:08:10 in GetCurrentResults
_______________________________________
2014-04-22 16:08:09 iteration 6 started
_______________________________________
2014-04-22 16:08:09 iteration 5 done
_______________________________________
2014-04-22 16:08:08 iteration 5 started
_______________________________________
2014-04-22 16:08:08 iteration 4 done
_______________________________________
2014-04-22 16:08:07 iteration 4 started
_______________________________________
2014-04-22 16:08:07 iteration 3 done
_______________________________________
2014-04-22 16:08:06 iteration 3 started
_______________________________________
2014-04-22 16:08:06 iteration 2 done
_______________________________________
2014-04-22 16:08:05 iteration 2 started
_______________________________________
2014-04-22 16:08:05 iteration 1 done
_______________________________________
2014-04-22 16:08:05 in GetCurrentResults
_______________________________________
2014-04-22 16:08:04 iteration 1 started
_______________________________________
2014-04-22 16:08:04 iteration 0 done
_______________________________________
2014-04-22 16:08:03 in GetCurrentResults
_______________________________________
2014-04-22 16:08:03 iteration 0 started
_______________________________________
2014-04-22 16:08:03 iteration -1 done
_______________________________________
2014-04-22 16:08:02 iteration -1 started
_______________________________________
2014-04-22 16:08:02 iteration -2 done
_______________________________________
2014-04-22 16:08:02 in GetCurrentResults
_______________________________________
2014-04-22 16:08:01 iteration -2 started
_______________________________________
2014-04-22 16:08:01 iteration -3 done
_______________________________________
2014-04-22 16:08:01 in GetCurrentResults
_______________________________________
2014-04-22 16:08:00 iteration -3 started
_______________________________________
2014-04-22 16:08:00 iteration -4 done
_______________________________________
2014-04-22 16:08:00 in GetCurrentResults
_______________________________________
2014-04-22 16:07:59 iteration -4 started
_______________________________________
2014-04-22 16:07:59 iteration -5 done
_______________________________________
2014-04-22 16:07:58 iteration -5 started
_______________________________________
2014-04-22 16:07:58 iteration -6 done
_______________________________________
2014-04-22 16:07:58 in GetCurrentResults
_______________________________________
2014-04-22 16:07:57 iteration -6 started
_______________________________________
2014-04-22 16:07:57 iteration -7 done
_______________________________________
2014-04-22 16:07:57 in GetCurrentResults
_______________________________________
2014-04-22 16:07:56 iteration -7 started
_______________________________________
2014-04-22 16:07:56 iteration -8 done
_______________________________________
2014-04-22 16:07:56 in GetCurrentResults
_______________________________________
2014-04-22 16:07:55 iteration -8 started
_______________________________________
2014-04-22 16:07:55 iteration -9 done
_______________________________________
2014-04-22 16:07:55 in GetCurrentResults
_______________________________________
2014-04-22 16:07:54 iteration -9 started
_______________________________________
2014-04-22 16:07:54 iteration -10 done
_______________________________________
2014-04-22 16:07:51 iteration -10 started
_______________________________________
2014-04-22 16:07:51 1 searchers started
_______________________________________
2014-04-22 16:07:51  group 6 fail Входная строка имела неверный формат.
_______________________________________
2014-04-22 16:07:51  group 6 true
_______________________________________
2014-04-22 16:07:51  group 5 fail Входная строка имела неверный формат.
_______________________________________
2014-04-22 16:07:51  group 5 true
_______________________________________
2014-04-22 16:07:51  group 4 14,35
_______________________________________
2014-04-22 16:07:51  group 3 5,7,10,36
_______________________________________
2014-04-22 16:07:51  group 2 4,8,3,9,15,32
_______________________________________
2014-04-22 16:07:51  group 1 2,26,29,21,23,17,30,27,18,24,12,34,13,31,16,19,33,20,28
_______________________________________
2014-04-22 16:07:51  group 0 25,1,6
_______________________________________
2014-04-22 16:07:51 in UtsService
_______________________________________
2014-04-22 16:07:51 not setted vizit
_______________________________________
2014-04-22 16:07:50 {"method":"hotel_get_rooms","id":0,"params":["14091709911-123-123-20",10005982]}
_______________________________________
2014-04-22 16:07:22 {"jsonrpc":"2.0","id":0,"result":[{"variants":[{"variant_id":"hb_45665236_99611517","pansion_title":"Завтрак","pansion_group_id":1,"room_title":"DBL","room_category":"STD ROH","roomInfo":"STD Double Room - With Breakfast ROH","price":{"RUB":16567,"USD":455,"EUR":329,"BYR":4540148,"UAH":5146,"KZT":82910}}],"children_ages":[],"children":0,"adults":2}]}
_______________________________________
2014-04-22 16:07:21 1 done
_______________________________________
2014-04-22 16:07:21 iteration 0 done
_______________________________________
2014-04-22 16:07:20 iteration 0 started
_______________________________________
2014-04-22 16:07:20 iteration -1 done
_______________________________________
2014-04-22 16:07:20 newroom 2_0
_______________________________________
2014-04-22 16:07:20 oldroom 2_0
_______________________________________
2014-04-22 16:07:19 from redis
_______________________________________
2014-04-22 16:07:19 iteration -1 started
_______________________________________
2014-04-22 16:07:19 iteration -2 done
_______________________________________
2014-04-22 16:07:19 in GetCurrentResults
_______________________________________
2014-04-22 16:07:18 iteration -2 started
_______________________________________
2014-04-22 16:07:18 iteration -3 done
_______________________________________
2014-04-22 16:07:17 iteration -3 started
_______________________________________
2014-04-22 16:07:17 iteration -4 done
_______________________________________
2014-04-22 16:07:16 in GetCurrentResults
_______________________________________
2014-04-22 16:07:16 iteration -4 started
_______________________________________
2014-04-22 16:07:16 iteration -5 done
_______________________________________
2014-04-22 16:07:15 in GetCurrentResults
_______________________________________
2014-04-22 16:07:15 iteration -5 started
_______________________________________
2014-04-22 16:07:15 iteration -6 done
_______________________________________
2014-04-22 16:07:14 in GetCurrentResults
_______________________________________
2014-04-22 16:07:14 iteration -6 started
_______________________________________
2014-04-22 16:07:14 iteration -7 done
_______________________________________
2014-04-22 16:07:13 iteration -7 started
_______________________________________
2014-04-22 16:07:13 iteration -8 done
_______________________________________
2014-04-22 16:07:13 in GetCurrentResults
_______________________________________
2014-04-22 16:07:12 iteration -8 started
_______________________________________
2014-04-22 16:07:12 iteration -9 done
_______________________________________
2014-04-22 16:07:12 in GetCurrentResults
_______________________________________
2014-04-22 16:07:11 iteration -9 started
_______________________________________
2014-04-22 16:07:11 iteration -10 done
_______________________________________
2014-04-22 16:07:11 in GetCurrentResults
_______________________________________
2014-04-22 16:07:10 in StartSearch
_______________________________________
2014-04-22 16:07:10 iteration -10 started
_______________________________________
2014-04-22 16:07:10 1 searchers started
_______________________________________
2014-04-22 16:07:10  group 6 fail Входная строка имела неверный формат.
_______________________________________
2014-04-22 16:07:10  group 6 true
_______________________________________
2014-04-22 16:07:10  group 5 fail Входная строка имела неверный формат.
_______________________________________
2014-04-22 16:07:10  group 5 true
_______________________________________
2014-04-22 16:07:10  group 4 14,35
_______________________________________
2014-04-22 16:07:10  group 3 5,7,10,36
_______________________________________
2014-04-22 16:07:10  group 2 4,8,3,9,15,32
_______________________________________
2014-04-22 16:07:10  group 1 2,26,29,21,23,17,30,27,18,24,12,34,13,31,16,19,33,20,28
_______________________________________
2014-04-22 16:07:10  group 0 25,1,6
_______________________________________
2014-04-22 16:07:10 in UtsService
_______________________________________
2014-04-22 16:07:10 not setted vizit
_______________________________________
2014-04-22 16:07:10 {"method":"hotel_get_rooms","id":0,"params":["13091809911-123-123-20",10005982]}
_______________________________________
2014-04-22 16:05:49 from redis
_______________________________________
2014-04-22 16:05:38 in GetCurrentResults
_______________________________________
2014-04-22 16:05:36 in GetCurrentResults
_______________________________________
2014-04-22 16:05:35 in GetCurrentResults
_______________________________________
2014-04-22 16:05:34 in GetCurrentResults
_______________________________________
2014-04-22 16:05:33 in GetCurrentResults
_______________________________________
2014-04-22 16:05:32 in GetCurrentResults
_______________________________________
2014-04-22 16:05:31 in GetCurrentResults
_______________________________________
2014-04-22 16:05:29 in GetCurrentResults
_______________________________________
2014-04-22 16:05:28 in GetCurrentResults
_______________________________________
2014-04-22 16:05:27 {"jsonrpc":"2.0","id":0,"result":[{"variants":[],"children_ages":[],"children":0,"adults":2}]}
_______________________________________
2014-04-22 16:05:27 11 done
_______________________________________
2014-04-22 16:05:27 iteration 10 done
_______________________________________
2014-04-22 16:05:27 in GetCurrentResults
_______________________________________
2014-04-22 16:05:26 iteration 10 started
_______________________________________
2014-04-22 16:05:26 iteration 9 done
_______________________________________
2014-04-22 16:05:25 in GetCurrentResults
_______________________________________
2014-04-22 16:05:25 iteration 9 started
_______________________________________
2014-04-22 16:05:25 iteration 8 done
_______________________________________
2014-04-22 16:05:24 in GetCurrentResults
_______________________________________
2014-04-22 16:05:24 iteration 8 started
_______________________________________
2014-04-22 16:05:24 iteration 7 done
_______________________________________
2014-04-22 16:05:23 iteration 7 started
_______________________________________
2014-04-22 16:05:23 iteration 6 done
_______________________________________
2014-04-22 16:05:23 in GetCurrentResults
_______________________________________
2014-04-22 16:05:22 iteration 6 started
_______________________________________
2014-04-22 16:05:22 iteration 5 done
_______________________________________
2014-04-22 16:05:21 iteration 5 started
_______________________________________
2014-04-22 16:05:21 iteration 4 done
_______________________________________
2014-04-22 16:05:20 iteration 4 started
_______________________________________
2014-04-22 16:05:20 iteration 3 done
_______________________________________
2014-04-22 16:05:19 iteration 3 started
_______________________________________
2014-04-22 16:05:19 iteration 2 done
_______________________________________
2014-04-22 16:05:18 iteration 2 started
_______________________________________
2014-04-22 16:05:18 iteration 1 done
_______________________________________
2014-04-22 16:05:17 iteration 1 started
_______________________________________
2014-04-22 16:05:17 iteration 0 done
_______________________________________
2014-04-22 16:05:15 iteration 0 started
_______________________________________
2014-04-22 16:05:15 1 searchers started
_______________________________________
2014-04-22 16:05:15  group 6 fail Входная строка имела неверный формат.
_______________________________________
2014-04-22 16:05:15  group 6 true
_______________________________________
2014-04-22 16:05:15  group 5 fail Входная строка имела неверный формат.
_______________________________________
2014-04-22 16:05:15  group 5 true
_______________________________________
2014-04-22 16:05:15  group 4 14,35
_______________________________________
2014-04-22 16:05:15  group 3 5,7,10,36
_______________________________________
2014-04-22 16:05:15  group 2 4,8,3,9,15,32
_______________________________________
2014-04-22 16:05:15  group 1 2,26,29,21,23,17,30,27,18,24,12,34,13,31,16,19,33,20,28
_______________________________________
2014-04-22 16:05:15  group 0 25,1,6
_______________________________________
2014-04-22 16:05:15 in UtsService
_______________________________________
2014-04-22 16:05:15 not setted vizit
_______________________________________
2014-04-22 16:05:15 {"method":"hotel_get_rooms","id":0,"params":["13091709911-123-123-20",10005982]}
