_______________________________________
2014-04-23 13:05:33 {"jsonrpc":"2.0","id":0,"result":[{"variant_id":"hb_45751334_92700377","changing_penalties":[],"canceling_penalties":[{"date":"2014-09-09","info":"781.2 EUR"}]}]}
_______________________________________
2014-04-23 13:03:46  group 6 fail Входная строка имела неверный формат.
_______________________________________
2014-04-23 13:03:46  group 6 true
_______________________________________
2014-04-23 13:03:46  group 5 fail Входная строка имела неверный формат.
_______________________________________
2014-04-23 13:03:46  group 5 true
_______________________________________
2014-04-23 13:03:46  group 4 14,35
_______________________________________
2014-04-23 13:03:46  group 3 5,7,10,36
_______________________________________
2014-04-23 13:03:46  group 2 4,8,3,9,15,32
_______________________________________
2014-04-23 13:03:46  group 1 2,26,29,21,23,17,30,27,18,24,12,34,13,31,16,19,33,20,28
_______________________________________
2014-04-23 13:03:46  group 0 25,1,6
_______________________________________
2014-04-23 13:03:46 in UtsService
_______________________________________
2014-04-23 13:03:46 ve_
_______________________________________
2014-04-23 13:03:46 {"method":"hotel_get_penalties","id":0,"params":["10091509911-123-123-20",10005982,["hb_45751334_92700377"]]}
_______________________________________
2014-04-23 13:03:18 {"jsonrpc":"2.0","id":0,"result":[{"variant_id":"hb_45751334_92700379","changing_penalties":[],"canceling_penalties":[{"date":"2014-09-09","info":"362.25 EUR"}]}]}
_______________________________________
2014-04-23 13:02:29  group 6 fail Входная строка имела неверный формат.
_______________________________________
2014-04-23 13:02:29  group 6 true
_______________________________________
2014-04-23 13:02:29  group 5 fail Входная строка имела неверный формат.
_______________________________________
2014-04-23 13:02:29  group 5 true
_______________________________________
2014-04-23 13:02:29  group 4 14,35
_______________________________________
2014-04-23 13:02:29  group 3 5,7,10,36
_______________________________________
2014-04-23 13:02:29  group 2 4,8,3,9,15,32
_______________________________________
2014-04-23 13:02:29  group 1 2,26,29,21,23,17,30,27,18,24,12,34,13,31,16,19,33,20,28
_______________________________________
2014-04-23 13:02:29  group 0 25,1,6
_______________________________________
2014-04-23 13:02:29 in UtsService
_______________________________________
2014-04-23 13:02:29 ve_
_______________________________________
2014-04-23 13:02:29 {"method":"hotel_get_penalties","id":0,"params":["10091509911-123-123-20",10005982,["hb_45751334_92700379"]]}
_______________________________________
2014-04-23 13:00:31 {"jsonrpc":"2.0","id":0,"result":[]}
_______________________________________
2014-04-23 13:00:31 pens_founded0
_______________________________________
2014-04-23 13:00:31 Данный ключ отсутствует в словаре.    в System.Collections.Generic.Dictionary`2.get_Item(TKey key)
   в ClickAndTravelSearchEngine.SearchEngine.HotelGetPenalties(String SearchId, Int32 HotelId, String[] VariantsId) в c:\Users\svs\Documents\Visual Studio 2013\Projects\CATSE\ClickAndTravelSearchEngine\App_Code\SearchEngine.asmx.cs:строка 1874
_______________________________________
2014-04-23 13:00:31 ve_
_______________________________________
2014-04-23 13:00:31 {"method":"hotel_get_penalties","id":0,"params":["10091509911-123-123-20",10005982,["hb_45751334_92700379"]]}
_______________________________________
2014-04-23 13:00:19 {"jsonrpc":"2.0","id":0,"result":[]}
_______________________________________
2014-04-23 13:00:19 pens_founded0
_______________________________________
2014-04-23 13:00:19 Данный ключ отсутствует в словаре.    в System.Collections.Generic.Dictionary`2.get_Item(TKey key)
   в ClickAndTravelSearchEngine.SearchEngine.HotelGetPenalties(String SearchId, Int32 HotelId, String[] VariantsId) в c:\Users\svs\Documents\Visual Studio 2013\Projects\CATSE\ClickAndTravelSearchEngine\App_Code\SearchEngine.asmx.cs:строка 1874
_______________________________________
2014-04-23 13:00:19 ve_
_______________________________________
2014-04-23 13:00:19 {"method":"hotel_get_penalties","id":0,"params":["10091509911-123-123-20",10005982,["hb_45751334_92700378"]]}
_______________________________________
2014-04-23 12:59:47 {"jsonrpc":"2.0","id":0,"result":[]}
_______________________________________
2014-04-23 12:59:47 pens_founded0
_______________________________________
2014-04-23 12:59:47 Данный ключ отсутствует в словаре.    в System.Collections.Generic.Dictionary`2.get_Item(TKey key)
   в ClickAndTravelSearchEngine.SearchEngine.HotelGetPenalties(String SearchId, Int32 HotelId, String[] VariantsId) в c:\Users\svs\Documents\Visual Studio 2013\Projects\CATSE\ClickAndTravelSearchEngine\App_Code\SearchEngine.asmx.cs:строка 1874
_______________________________________
2014-04-23 12:59:47 ve_
_______________________________________
2014-04-23 12:59:47 {"method":"hotel_get_penalties","id":0,"params":["10091509911-123-123-20",10005982,["hb_45751334_92700378"]]}
_______________________________________
2014-04-23 12:59:43 {"jsonrpc":"2.0","id":0,"result":[]}
_______________________________________
2014-04-23 12:59:43 pens_founded0
_______________________________________
2014-04-23 12:59:43 Данный ключ отсутствует в словаре.    в System.Collections.Generic.Dictionary`2.get_Item(TKey key)
   в ClickAndTravelSearchEngine.SearchEngine.HotelGetPenalties(String SearchId, Int32 HotelId, String[] VariantsId) в c:\Users\svs\Documents\Visual Studio 2013\Projects\CATSE\ClickAndTravelSearchEngine\App_Code\SearchEngine.asmx.cs:строка 1874
_______________________________________
2014-04-23 12:59:43 ve_
_______________________________________
2014-04-23 12:59:43 {"method":"hotel_get_penalties","id":0,"params":["10091509911-123-123-20",10005982,["hb_45751334_92700378"]]}
_______________________________________
2014-04-23 12:59:31 {"jsonrpc":"2.0","id":0,"result":[{"variant_id":"hb_45751334_92700378","is_available":true,"price":{"RUB":15023,"USD":413,"EUR":299,"BYR":4121536,"UAH":4727,"KZT":75146}}]}
_______________________________________
2014-04-23 12:59:31  group 6 fail Входная строка имела неверный формат.
_______________________________________
2014-04-23 12:59:31  group 6 true
_______________________________________
2014-04-23 12:59:31  group 5 fail Входная строка имела неверный формат.
_______________________________________
2014-04-23 12:59:31  group 5 true
_______________________________________
2014-04-23 12:59:31  group 4 14,35
_______________________________________
2014-04-23 12:59:31  group 3 5,7,10,36
_______________________________________
2014-04-23 12:59:31  group 2 4,8,3,9,15,32
_______________________________________
2014-04-23 12:59:31  group 1 2,26,29,21,23,17,30,27,18,24,12,34,13,31,16,19,33,20,28
_______________________________________
2014-04-23 12:59:31  group 0 25,1,6
_______________________________________
2014-04-23 12:59:31 in UtsService
_______________________________________
2014-04-23 12:59:31 {"method":"hotel_verify","id":0,"params":["10091509911-123-123-20",10005982,["hb_45751334_92700378"]]}
_______________________________________
2014-04-23 12:59:28 {"jsonrpc":"2.0","id":0,"result":[{"variant_id":"hb_45751334_92700378","is_available":true,"price":{"RUB":15023,"USD":413,"EUR":299,"BYR":4121536,"UAH":4727,"KZT":75146}}]}
_______________________________________
2014-04-23 12:59:28 from redis
_______________________________________
2014-04-23 12:59:24  group 6 fail Входная строка имела неверный формат.
_______________________________________
2014-04-23 12:59:24  group 6 true
_______________________________________
2014-04-23 12:59:24  group 5 fail Входная строка имела неверный формат.
_______________________________________
2014-04-23 12:59:24  group 5 true
_______________________________________
2014-04-23 12:59:24  group 4 14,35
_______________________________________
2014-04-23 12:59:24  group 3 5,7,10,36
_______________________________________
2014-04-23 12:59:24  group 2 4,8,3,9,15,32
_______________________________________
2014-04-23 12:59:24  group 1 2,26,29,21,23,17,30,27,18,24,12,34,13,31,16,19,33,20,28
_______________________________________
2014-04-23 12:59:24  group 0 25,1,6
_______________________________________
2014-04-23 12:59:24 in UtsService
_______________________________________
2014-04-23 12:59:24 {"method":"hotel_verify","id":0,"params":["10091509911-123-123-20",10005982,["hb_45751334_92700378"]]}
_______________________________________
2014-04-23 12:58:43 13 done
_______________________________________
2014-04-23 12:58:43 iteration 12 done
_______________________________________
2014-04-23 12:58:42 iteration 12 started
_______________________________________
2014-04-23 12:58:42 iteration 11 done
_______________________________________
2014-04-23 12:58:41 iteration 11 started
_______________________________________
2014-04-23 12:58:41 iteration 10 done
_______________________________________
2014-04-23 12:58:40 from redis
_______________________________________
2014-04-23 12:58:39 iteration 10 started
_______________________________________
2014-04-23 12:58:39 iteration 9 done
_______________________________________
2014-04-23 12:58:39 in GetCurrentResults
_______________________________________
2014-04-23 12:58:38 from redis
_______________________________________
2014-04-23 12:58:38 iteration 9 started
_______________________________________
2014-04-23 12:58:38 iteration 8 done
_______________________________________
2014-04-23 12:58:37 in GetCurrentResults
_______________________________________
2014-04-23 12:58:37 iteration 8 started
_______________________________________
2014-04-23 12:58:37 iteration 7 done
_______________________________________
2014-04-23 12:58:36 from redis
_______________________________________
2014-04-23 12:58:35 iteration 7 started
_______________________________________
2014-04-23 12:58:35 iteration 6 done
_______________________________________
2014-04-23 12:58:35 in GetCurrentResults
_______________________________________
2014-04-23 12:58:34 from redis
_______________________________________
2014-04-23 12:58:34 iteration 6 started
_______________________________________
2014-04-23 12:58:34 iteration 5 done
_______________________________________
2014-04-23 12:58:33 {"jsonrpc":"2.0","id":0,"result":{"search_state":{"completed":false,"hotels_count":14,"hash":"14262365"},"hotels":[{"id":10005982,"rooms":[{"variants":[{"variant_id":"hb_45751334_92700378","pansion_title":"Завтрак","pansion_group_id":1,"room_title":"DBL","room_category":"STD ROH","roomInfo":"standard double","price":{"RUB":15023,"USD":413,"EUR":299,"BYR":4121536,"UAH":4727,"KZT":75146}}],"children_ages":[],"children":0,"adults":2}]},{"id":10026939,"rooms":[{"variants":[{"variant_id":"hb_45751334_92700304","pansion_title":"Завтрак","pansion_group_id":1,"room_title":"DBL","room_category":"STD ROH","roomInfo":"standard double","price":{"RUB":15023,"USD":413,"EUR":299,"BYR":4121536,"UAH":4727,"KZT":75146}}],"children_ages":[],"children":0,"adults":2}]},{"id":10042927,"rooms":[{"variants":[{"variant_id":"hb_45751334_92700105","pansion_title":"Завтрак","pansion_group_id":1,"room_title":"DBL","room_category":"STD ROH","roomInfo":"STD Double Room - With Breakfast ROH","price":{"RUB":22555,"USD":620,"EUR":449,"BYR":6187929,"UAH":7096,"KZT":112821}}],"children_ages":[],"children":0,"adults":2}]},{"id":10005990,"rooms":[{"variants":[{"variant_id":"hb_45751334_92700306","pansion_title":"Завтрак","pansion_group_id":1,"room_title":"DBL","room_category":"STD ROH","roomInfo":"standard double","price":{"RUB":23405,"USD":643,"EUR":466,"BYR":6421125,"UAH":7364,"KZT":117073}}],"children_ages":[],"children":0,"adults":2}]},{"id":10128881,"rooms":[{"variants":[{"variant_id":"hb_45751334_92700118","pansion_title":"Завтрак","pansion_group_id":1,"room_title":"DBL/TWIN","room_category":"STD Standard","roomInfo":"STUDIO STANDARD","price":{"RUB":13683,"USD":376,"EUR":273,"BYR":3753909,"UAH":4305,"KZT":68443}}],"children_ages":[],"children":0,"adults":2}]},{"id":10024900,"rooms":[{"variants":[{"variant_id":"hb_45751334_92700121","pansion_title":"Завтрак","pansion_group_id":1,"room_title":"DBL/TWIN","room_category":"STD Standard","roomInfo":"Double or Twin STANDARD","price":{"RUB":11591,"USD":319,"EUR":231,"BYR":3179973,"UAH":3647,"KZT":57979}}],"children_ages":[],"children":0,"adults":2}]},{"id":10029707,"rooms":[{"variants":[{"variant_id":"hb_45751334_92700337","pansion_title":"Завтрак","pansion_group_id":1,"room_title":"DBL","room_category":"STD ROH","roomInfo":"STD DBL ROH","price":{"RUB":14549,"USD":400,"EUR":290,"BYR":3991495,"UAH":4578,"KZT":72775}}],"children_ages":[],"children":0,"adults":2}]},{"id":10128853,"rooms":[{"variants":[{"variant_id":"hb_45751334_92700151","pansion_title":"Завтрак","pansion_group_id":1,"room_title":"DBL/TWIN","room_category":"STD Standard","roomInfo":"STUDIO STANDARD","price":{"RUB":19675,"USD":541,"EUR":392,"BYR":5397805,"UAH":6190,"KZT":98415}}],"children_ages":[],"children":0,"adults":2}]},{"id":10203046,"rooms":[{"variants":[{"variant_id":"hb_45751334_92700156","pansion_title":"Завтрак","pansion_group_id":1,"room_title":"DBL/TWIN","room_category":"STD Standard","roomInfo":"STUDIO STANDARD","price":{"RUB":20036,"USD":551,"EUR":399,"BYR":5496845,"UAH":6304,"KZT":100221}}],"children_ages":[],"children":0,"adults":2}]},{"id":10038675,"rooms":[{"variants":[{"variant_id":"hb_45751334_92700170","pansion_title":"Завтрак","pansion_group_id":1,"room_title":"DBL/TWIN","room_category":"STD Standard","roomInfo":"APARTMENT ONE BEDROOM-STANDARD","price":{"RUB":18605,"USD":511,"EUR":371,"BYR":5104252,"UAH":5854,"KZT":93063}}],"children_ages":[],"children":0,"adults":2}]},{"id":10065326,"rooms":[{"variants":[{"variant_id":"hb_45751334_92700184","pansion_title":"Завтрак","pansion_group_id":1,"room_title":"DBL/TWIN","room_category":"STD Standard","roomInfo":"Double or Twin STANDARD","price":{"RUB":21760,"USD":598,"EUR":433,"BYR":5969822,"UAH":6846,"KZT":108845}}],"children_ages":[],"children":0,"adults":2}]},{"id":10128872,"rooms":[{"variants":[{"variant_id":"hb_45751334_92700186","pansion_title":"Завтрак","pansion_group_id":1,"room_title":"DBL/TWIN","room_category":"STD Standard","roomInfo":"Double or Twin STANDARD","price":{"RUB":22808,"USD":627,"EUR":454,"BYR":6257339,"UAH":7176,"KZT":114087}}],"children_ages":[],"children":0,"adults":2}]},{"id":10126417,"rooms":[{"variants":[{"variant_id":"hb_45751334_92700202","pansion_title":"Завтрак","pansion_group_id":1,"room_title":"DBL/TWIN","room_category":"STD Standard","roomInfo":"Double or Twin STANDARD","price":{"RUB":27047,"USD":743,"EUR":539,"BYR":7420302,"UAH":8510,"KZT":135290}}],"children_ages":[],"children":0,"adults":2}]},{"id":10212300,"rooms":[{"variants":[{"variant_id":"hb_45751334_92700295","pansion_title":"Завтрак","pansion_group_id":1,"room_title":"DBL","room_category":"STD ROH","roomInfo":"DBL classic studio apartment","price":{"RUB":16605,"USD":456,"EUR":331,"BYR":4555556,"UAH":5224,"KZT":83059}}],"children_ages":[],"children":0,"adults":2}]}]}}
_______________________________________
2014-04-23 12:58:33 {"method":"hotel_get_current_hotels","id":0,"params":["10091509911-123-123-20"]}
_______________________________________
2014-04-23 12:58:33 in GetCurrentResults
_______________________________________
2014-04-23 12:58:33 iteration 5 started
_______________________________________
2014-04-23 12:58:33 iteration 4 done
_______________________________________
2014-04-23 12:58:32 in GetCurrentResults
_______________________________________
2014-04-23 12:58:31 {"jsonrpc":"2.0","id":0,"result":{"search_state":{"completed":false,"hotels_count":0,"hash":"00"},"hotels":[]}}
_______________________________________
2014-04-23 12:58:31 from redis
_______________________________________
2014-04-23 12:58:31 iteration 4 started
_______________________________________
2014-04-23 12:58:31 iteration 3 done
_______________________________________
2014-04-23 12:58:30 iteration 3 started
_______________________________________
2014-04-23 12:58:30 iteration 2 done
_______________________________________
2014-04-23 12:58:30 {"jsonrpc":"2.0","id":0,"result":{"search_state":{"completed":false,"hotels_count":0,"hash":"00"},"hotels":[]}}
_______________________________________
2014-04-23 12:58:30 in GetCurrentResults
_______________________________________
2014-04-23 12:58:29 {"method":"hotel_get_current_hotels","id":0,"params":["10091509911-123-123-20"]}
_______________________________________
2014-04-23 12:58:29 in GetCurrentResults
_______________________________________
2014-04-23 12:58:29 iteration 2 started
_______________________________________
2014-04-23 12:58:29 iteration 1 done
_______________________________________
2014-04-23 12:58:29 in GetCurrentResults
_______________________________________
2014-04-23 12:58:29 in GetCurrentResults
_______________________________________
2014-04-23 12:58:29 in GetCurrentResults
_______________________________________
2014-04-23 12:58:29 in GetCurrentResults
_______________________________________
2014-04-23 12:58:28 in GetCurrentResults
_______________________________________
2014-04-23 12:58:28 iteration 1 started
_______________________________________
2014-04-23 12:58:28 iteration 0 done
_______________________________________
2014-04-23 12:58:28 in GetCurrentResults
_______________________________________
2014-04-23 12:58:28 in GetCurrentResults
_______________________________________
2014-04-23 12:58:27 {"jsonrpc":"2.0","id":0,"result":{"search_state":{"completed":false,"hotels_count":0,"hash":"00"},"hotels":[]}}
_______________________________________
2014-04-23 12:58:27 iteration 0 started
_______________________________________
2014-04-23 12:58:27  group 6 fail Входная строка имела неверный формат.
_______________________________________
2014-04-23 12:58:27  group 6 true
_______________________________________
2014-04-23 12:58:27  group 5 fail Входная строка имела неверный формат.
_______________________________________
2014-04-23 12:58:27  group 5 true
_______________________________________
2014-04-23 12:58:27  group 4 14,35
_______________________________________
2014-04-23 12:58:27  group 3 5,7,10,36
_______________________________________
2014-04-23 12:58:27  group 2 4,8,3,9,15,32
_______________________________________
2014-04-23 12:58:27  group 1 2,26,29,21,23,17,30,27,18,24,12,34,13,31,16,19,33,20,28
_______________________________________
2014-04-23 12:58:27  group 0 25,1,6
_______________________________________
2014-04-23 12:58:27 in UtsService
_______________________________________
2014-04-23 12:58:27 init__hotel_search
_______________________________________
2014-04-23 12:58:27 {"method":"hotel_get_current_hotels","id":0,"params":["10091509911-123-123-20"]}
_______________________________________
2014-04-23 11:35:07 {"jsonrpc":"2.0","id":0,"result":[{"variant_id":"hb_45737603_99800128","is_available":true,"price":{"RUB":38642,"USD":1062,"EUR":770,"BYR":10601372,"UAH":12158,"KZT":193289}},{"variant_id":"hb_45737603_99800335","is_available":true,"price":{"RUB":43782,"USD":1203,"EUR":872,"BYR":12011523,"UAH":13775,"KZT":219000}}]}
_______________________________________
2014-04-23 11:35:04 from redis
_______________________________________
2014-04-23 11:34:57 from redis
_______________________________________
2014-04-23 11:34:56  group 6 fail Входная строка имела неверный формат.
_______________________________________
2014-04-23 11:34:56  group 6 true
_______________________________________
2014-04-23 11:34:56  group 5 fail Входная строка имела неверный формат.
_______________________________________
2014-04-23 11:34:56  group 5 true
_______________________________________
2014-04-23 11:34:56  group 4 14,35
_______________________________________
2014-04-23 11:34:56  group 3 5,7,10,36
_______________________________________
2014-04-23 11:34:56  group 2 4,8,3,9,15,32
_______________________________________
2014-04-23 11:34:56  group 1 2,26,29,21,23,17,30,27,18,24,12,34,13,31,16,19,33,20,28
_______________________________________
2014-04-23 11:34:56  group 0 25,1,6
_______________________________________
2014-04-23 11:34:56 in UtsService
_______________________________________
2014-04-23 11:34:56 {"method":"hotel_verify","id":0,"params":["06091509911-123-123-20",10042927,["hb_45737603_99800128","hb_45737603_99800335"]]}
_______________________________________
2014-04-23 11:34:47 {"jsonrpc":"2.0","id":0,"error":{"code":-32039,"message":"unknown variantId","data":null}}
_______________________________________
2014-04-23 11:34:42  group 6 fail Входная строка имела неверный формат.
_______________________________________
2014-04-23 11:34:42  group 6 true
_______________________________________
2014-04-23 11:34:42  group 5 fail Входная строка имела неверный формат.
_______________________________________
2014-04-23 11:34:42  group 5 true
_______________________________________
2014-04-23 11:34:42  group 4 14,35
_______________________________________
2014-04-23 11:34:42  group 3 5,7,10,36
_______________________________________
2014-04-23 11:34:42  group 2 4,8,3,9,15,32
_______________________________________
2014-04-23 11:34:42  group 1 2,26,29,21,23,17,30,27,18,24,12,34,13,31,16,19,33,20,28
_______________________________________
2014-04-23 11:34:42  group 0 25,1,6
_______________________________________
2014-04-23 11:34:42 in UtsService
_______________________________________
2014-04-23 11:34:42 {"method":"hotel_verify","id":0,"params":["06091509911-123-123-20",10042927,["hb_45737603_99800128","hb_45737603_99800335"]]}
_______________________________________
2014-04-23 10:39:33 {"jsonrpc":"2.0","id":0,"error":{"code":-32039,"message":"unknown variantId","data":null}}
_______________________________________
2014-04-23 10:38:19  group 6 fail Входная строка имела неверный формат.
_______________________________________
2014-04-23 10:38:19  group 6 true
_______________________________________
2014-04-23 10:38:19  group 5 fail Входная строка имела неверный формат.
_______________________________________
2014-04-23 10:38:19  group 5 true
_______________________________________
2014-04-23 10:38:19  group 4 14,35
_______________________________________
2014-04-23 10:38:19  group 3 5,7,10,36
_______________________________________
2014-04-23 10:38:19  group 2 4,8,3,9,15,32
_______________________________________
2014-04-23 10:38:19  group 1 2,26,29,21,23,17,30,27,18,24,12,34,13,31,16,19,33,20,28
_______________________________________
2014-04-23 10:38:19  group 0 25,1,6
_______________________________________
2014-04-23 10:38:19 in UtsService
_______________________________________
2014-04-23 10:38:19 {"method":"hotel_verify","id":0,"params":["06091509911-123-123-20",10042927,["hb_45737603_99800128","hb_45737603_99800335"]]}
_______________________________________
2014-04-23 10:38:07 {"jsonrpc":"2.0","id":0,"error":{"code":-32039,"message":"unknown variantId","data":null}}
_______________________________________
2014-04-23 10:34:30  group 6 fail Входная строка имела неверный формат.
_______________________________________
2014-04-23 10:34:30  group 6 true
_______________________________________
2014-04-23 10:34:30  group 5 fail Входная строка имела неверный формат.
_______________________________________
2014-04-23 10:34:30  group 5 true
_______________________________________
2014-04-23 10:34:30  group 4 14,35
_______________________________________
2014-04-23 10:34:30  group 3 5,7,10,36
_______________________________________
2014-04-23 10:34:30  group 2 4,8,3,9,15,32
_______________________________________
2014-04-23 10:34:30  group 1 2,26,29,21,23,17,30,27,18,24,12,34,13,31,16,19,33,20,28
_______________________________________
2014-04-23 10:34:30  group 0 25,1,6
_______________________________________
2014-04-23 10:34:30 in UtsService
_______________________________________
2014-04-23 10:34:30 {"method":"hotel_verify","id":0,"params":["06091509911-123-123-20",10042927,["hb_45737603_99800128","hb_45737603_99800335"]]}
_______________________________________
2014-04-23 10:34:13 {"jsonrpc":"2.0","id":0,"error":{"code":-32039,"message":"unknown variantId","data":null}}
_______________________________________
2014-04-23 10:33:42  group 6 fail Входная строка имела неверный формат.
_______________________________________
2014-04-23 10:33:42  group 6 true
_______________________________________
2014-04-23 10:33:42  group 5 fail Входная строка имела неверный формат.
_______________________________________
2014-04-23 10:33:42  group 5 true
_______________________________________
2014-04-23 10:33:42  group 4 14,35
_______________________________________
2014-04-23 10:33:42  group 3 5,7,10,36
_______________________________________
2014-04-23 10:33:42  group 2 4,8,3,9,15,32
_______________________________________
2014-04-23 10:33:42  group 1 2,26,29,21,23,17,30,27,18,24,12,34,13,31,16,19,33,20,28
_______________________________________
2014-04-23 10:33:42  group 0 25,1,6
_______________________________________
2014-04-23 10:33:42 in UtsService
_______________________________________
2014-04-23 10:33:42 {"method":"hotel_verify","id":0,"params":["06091509911-123-123-20",10042927,["hb_45737603_99800128","hb_45737603_99800335"]]}
_______________________________________
2014-04-23 10:32:46 {"jsonrpc":"2.0","id":0,"result":{"search_state":{"completed":true,"hotels_count":18,"hash":"18591961"},"hotels":[{"id":10128881,"rooms":[{"variants":[{"variant_id":"hb_45737603_99800054","pansion_title":"Завтрак","pansion_group_id":1,"room_title":"DBL/TWIN","room_category":"STD Standard","roomInfo":"STUDIO STANDARD","price":{"RUB":22805,"USD":627,"EUR":454,"BYR":6256516,"UAH":7175,"KZT":114072}}],"children_ages":[],"children":0,"adults":2}]},{"id":10024900,"rooms":[{"variants":[{"variant_id":"hb_45737603_99800057","pansion_title":"Завтрак","pansion_group_id":1,"room_title":"DBL/TWIN","room_category":"STD Standard","roomInfo":"Double or Twin STANDARD","price":{"RUB":19318,"USD":531,"EUR":385,"BYR":5299863,"UAH":6078,"KZT":96630}}],"children_ages":[],"children":0,"adults":2}]},{"id":10029707,"rooms":[{"variants":[{"variant_id":"hb_45737603_99800071","pansion_title":"Завтрак","pansion_group_id":1,"room_title":"DBL/TWIN","room_category":"STD Standard","roomInfo":"STUDIO STANDARD","price":{"RUB":25044,"USD":688,"EUR":499,"BYR":6870782,"UAH":7880,"KZT":125271}}],"children_ages":[],"children":0,"adults":2}]},{"id":10128853,"rooms":[{"variants":[{"variant_id":"hb_45737603_99800087","pansion_title":"Завтрак","pansion_group_id":1,"room_title":"DBL/TWIN","room_category":"STD Standard","roomInfo":"STUDIO STANDARD","price":{"RUB":32792,"USD":901,"EUR":653,"BYR":8996433,"UAH":10317,"KZT":164027}}],"children_ages":[],"children":0,"adults":2}]},{"id":10203046,"rooms":[{"variants":[{"variant_id":"hb_45737603_99800092","pansion_title":"Завтрак","pansion_group_id":1,"room_title":"DBL/TWIN","room_category":"STD Standard","roomInfo":"STUDIO STANDARD","price":{"RUB":33394,"USD":918,"EUR":665,"BYR":9161591,"UAH":10507,"KZT":167038}}],"children_ages":[],"children":0,"adults":2}]},{"id":10038675,"rooms":[{"variants":[{"variant_id":"hb_45737603_99800106","pansion_title":"Завтрак","pansion_group_id":1,"room_title":"DBL/TWIN","room_category":"STD Standard","roomInfo":"APARTMENT ONE BEDROOM-STANDARD","price":{"RUB":31008,"USD":852,"EUR":618,"BYR":8506996,"UAH":9756,"KZT":155104}}],"children_ages":[],"children":0,"adults":2}]},{"id":10026939,"rooms":[{"variants":[{"variant_id":"hb_45737603_99800345","pansion_title":"Завтрак Шведский стол","pansion_group_id":1,"room_title":"DBL/TWIN","room_category":"STD ROH","roomInfo":"Double Room","price":{"RUB":27652,"USD":760,"EUR":551,"BYR":7586283,"UAH":8700,"KZT":138317}}],"children_ages":[],"children":0,"adults":2}]},{"id":10005982,"rooms":[{"variants":[{"variant_id":"hb_45737603_99800116","pansion_title":"Завтрак","pansion_group_id":1,"room_title":"DBL/TWIN","room_category":"STD Standard","roomInfo":"Double or Twin STANDARD","price":{"RUB":28622,"USD":786,"EUR":570,"BYR":7852401,"UAH":9005,"KZT":143169}}],"children_ages":[],"children":0,"adults":2}]},{"id":10065326,"rooms":[{"variants":[{"variant_id":"hb_45737603_99800120","pansion_title":"Завтрак","pansion_group_id":1,"room_title":"DBL/TWIN","room_category":"STD Standard","roomInfo":"Double or Twin STANDARD","price":{"RUB":36267,"USD":997,"EUR":722,"BYR":9949794,"UAH":11411,"KZT":181409}}],"children_ages":[],"children":0,"adults":2}]},{"id":10128872,"rooms":[{"variants":[{"variant_id":"hb_45737603_99800122","pansion_title":"Завтрак","pansion_group_id":1,"room_title":"DBL/TWIN","room_category":"STD Standard","roomInfo":"Double or Twin STANDARD","price":{"RUB":38013,"USD":1045,"EUR":757,"BYR":10428807,"UAH":11960,"KZT":190143}}],"children_ages":[],"children":0,"adults":2}]},{"id":10042927,"rooms":[{"variants":[{"variant_id":"hb_45737603_99800128","pansion_title":"Завтрак","pansion_group_id":1,"room_title":"DBL/TWIN","room_category":"STD Standard","roomInfo":"Double or Twin STANDARD","price":{"RUB":38642,"USD":1062,"EUR":770,"BYR":10601372,"UAH":12158,"KZT":193289}}],"children_ages":[],"children":0,"adults":2}]},{"id":10005990,"rooms":[{"variants":[{"variant_id":"hb_45737603_99800335","pansion_title":"Завтрак Шведский стол","pansion_group_id":1,"room_title":"DBL/TWIN","room_category":"STD ROH","roomInfo":"Double Room","price":{"RUB":43782,"USD":1203,"EUR":872,"BYR":12011523,"UAH":13775,"KZT":219000}}],"children_ages":[],"children":0,"adults":2}]},{"id":10126417,"rooms":[{"variants":[{"variant_id":"hb_45737603_99800138","pansion_title":"Завтрак","pansion_group_id":1,"room_title":"DBL/TWIN","room_category":"STD Standard","roomInfo":"Double or Twin STANDARD","price":{"RUB":45078,"USD":1239,"EUR":898,"BYR":12367078,"UAH":14183,"KZT":225482}}],"children_ages":[],"children":0,"adults":2}]},{"id":10230339,"rooms":[{"variants":[{"variant_id":"hb_45737603_99800233","pansion_title":"Завтрак","pansion_group_id":1,"room_title":"DBL/TWIN","room_category":"STD ROH","roomInfo":"Double Room, Partial Sea View","price":{"RUB":43526,"USD":1196,"EUR":867,"BYR":11941289,"UAH":13695,"KZT":217719}}],"children_ages":[],"children":0,"adults":2}]},{"id":10196261,"rooms":[{"variants":[{"variant_id":"hb_45737603_99800303","pansion_title":"Завтрак Шведский стол","pansion_group_id":1,"room_title":"DBL/TWIN","room_category":"STD ROH","roomInfo":"Standard Double Room","price":{"RUB":30417,"USD":836,"EUR":606,"BYR":8344856,"UAH":9570,"KZT":152147}}],"children_ages":[],"children":0,"adults":2}]},{"id":10214491,"rooms":[{"variants":[{"variant_id":"hb_45737603_99800309","pansion_title":"Завтрак Шведский стол","pansion_group_id":1,"room_title":"DBL/TWIN","room_category":"STD ROH","roomInfo":"Studio","price":{"RUB":34713,"USD":954,"EUR":691,"BYR":9523457,"UAH":10922,"KZT":173636}}],"children_ages":[],"children":0,"adults":2}]},{"id":10176912,"rooms":[{"variants":[{"variant_id":"hb_45737603_99800518","pansion_title":"Завтрак + ужин","pansion_group_id":2,"room_title":"DBL","room_category":"STD ROH","roomInfo":"DBL; Dbl/Twin Balc / Terr-SideSeaVw","price":{"RUB":34532,"USD":949,"EUR":688,"BYR":9473800,"UAH":10865,"KZT":172731}}],"children_ages":[],"children":0,"adults":2}]},{"id":10212300,"rooms":[{"variants":[{"variant_id":"hb_45737603_99800530","pansion_title":"Завтрак","pansion_group_id":1,"room_title":"DBL","room_category":"STD ROH","roomInfo":"DBL classic studio apartment","price":{"RUB":26356,"USD":724,"EUR":525,"BYR":7230727,"UAH":8292,"KZT":131834}}],"children_ages":[],"children":0,"adults":2}]}]}}
_______________________________________
2014-04-23 10:32:46 {"method":"hotel_get_current_hotels","id":0,"params":["06091509911-123-123-20"]}
_______________________________________
2014-04-23 10:32:17 {"jsonrpc":"2.0","id":0,"error":{"code":-32039,"message":"unknown variantId","data":null}}
_______________________________________
2014-04-23 10:31:28  group 6 fail Входная строка имела неверный формат.
_______________________________________
2014-04-23 10:31:28  group 6 true
_______________________________________
2014-04-23 10:31:28  group 5 fail Входная строка имела неверный формат.
_______________________________________
2014-04-23 10:31:28  group 5 true
_______________________________________
2014-04-23 10:31:28  group 4 14,35
_______________________________________
2014-04-23 10:31:28  group 3 5,7,10,36
_______________________________________
2014-04-23 10:31:28  group 2 4,8,3,9,15,32
_______________________________________
2014-04-23 10:31:28  group 1 2,26,29,21,23,17,30,27,18,24,12,34,13,31,16,19,33,20,28
_______________________________________
2014-04-23 10:31:28  group 0 25,1,6
_______________________________________
2014-04-23 10:31:28 in UtsService
_______________________________________
2014-04-23 10:31:28 {"method":"hotel_verify","id":0,"params":["06091509911-123-123-20",10042927,["hb_45737603_99800128"]]}
_______________________________________
2014-04-23 10:31:18 {"jsonrpc":"2.0","id":null,"error":{"code":-32000,"message":"Found String where Array was expected.","data":[{"name":"JsonException","message":"Found String where Array was expected."}]}}
_______________________________________
2014-04-23 10:31:18 {"method":"hotel_verify"}
_______________________________________
2014-04-23 10:30:29 {"jsonrpc":"2.0","id":0,"result":[{"variants":[{"variant_id":"hb_45737603_99800128","pansion_title":"Завтрак","pansion_group_id":1,"room_title":"DBL/TWIN","room_category":"STD Standard","roomInfo":"Double or Twin STANDARD","price":{"RUB":38642,"USD":1062,"EUR":770,"BYR":10601372,"UAH":12158,"KZT":193289}}],"children_ages":[],"children":0,"adults":2}]}
_______________________________________
2014-04-23 10:30:29 -8 done
_______________________________________
2014-04-23 10:30:29 iteration -9 done
_______________________________________
2014-04-23 10:30:28 iteration -9 started
_______________________________________
2014-04-23 10:30:28 iteration -10 done
_______________________________________
2014-04-23 10:30:27 newroom 2_0
_______________________________________
2014-04-23 10:30:27 oldroom 2_0
_______________________________________
2014-04-23 10:30:26 iteration -10 started
_______________________________________
2014-04-23 10:30:26 1 searchers started
_______________________________________
2014-04-23 10:30:26  group 6 fail Входная строка имела неверный формат.
_______________________________________
2014-04-23 10:30:26  group 6 true
_______________________________________
2014-04-23 10:30:26  group 5 fail Входная строка имела неверный формат.
_______________________________________
2014-04-23 10:30:26  group 5 true
_______________________________________
2014-04-23 10:30:26  group 4 14,35
_______________________________________
2014-04-23 10:30:26  group 3 5,7,10,36
_______________________________________
2014-04-23 10:30:26  group 2 4,8,3,9,15,32
_______________________________________
2014-04-23 10:30:26  group 1 2,26,29,21,23,17,30,27,18,24,12,34,13,31,16,19,33,20,28
_______________________________________
2014-04-23 10:30:26  group 0 25,1,6
_______________________________________
2014-04-23 10:30:26 in UtsService
_______________________________________
2014-04-23 10:30:26 not setted vizit
_______________________________________
2014-04-23 10:30:26 {"method":"hotel_get_rooms","id":0,"params":["06091509911-123-123-20",10042927]}
_______________________________________
2014-04-23 10:29:35 {"jsonrpc":"2.0","id":0,"result":{"search_state":{"completed":true,"hotels_count":18,"hash":"18591961"},"hotels":[{"id":10128881,"rooms":[{"variants":[{"variant_id":"hb_45737603_99800054","pansion_title":"Завтрак","pansion_group_id":1,"room_title":"DBL/TWIN","room_category":"STD Standard","roomInfo":"STUDIO STANDARD","price":{"RUB":22805,"USD":627,"EUR":454,"BYR":6256516,"UAH":7175,"KZT":114072}}],"children_ages":[],"children":0,"adults":2}]},{"id":10024900,"rooms":[{"variants":[{"variant_id":"hb_45737603_99800057","pansion_title":"Завтрак","pansion_group_id":1,"room_title":"DBL/TWIN","room_category":"STD Standard","roomInfo":"Double or Twin STANDARD","price":{"RUB":19318,"USD":531,"EUR":385,"BYR":5299863,"UAH":6078,"KZT":96630}}],"children_ages":[],"children":0,"adults":2}]},{"id":10029707,"rooms":[{"variants":[{"variant_id":"hb_45737603_99800071","pansion_title":"Завтрак","pansion_group_id":1,"room_title":"DBL/TWIN","room_category":"STD Standard","roomInfo":"STUDIO STANDARD","price":{"RUB":25044,"USD":688,"EUR":499,"BYR":6870782,"UAH":7880,"KZT":125271}}],"children_ages":[],"children":0,"adults":2}]},{"id":10128853,"rooms":[{"variants":[{"variant_id":"hb_45737603_99800087","pansion_title":"Завтрак","pansion_group_id":1,"room_title":"DBL/TWIN","room_category":"STD Standard","roomInfo":"STUDIO STANDARD","price":{"RUB":32792,"USD":901,"EUR":653,"BYR":8996433,"UAH":10317,"KZT":164027}}],"children_ages":[],"children":0,"adults":2}]},{"id":10203046,"rooms":[{"variants":[{"variant_id":"hb_45737603_99800092","pansion_title":"Завтрак","pansion_group_id":1,"room_title":"DBL/TWIN","room_category":"STD Standard","roomInfo":"STUDIO STANDARD","price":{"RUB":33394,"USD":918,"EUR":665,"BYR":9161591,"UAH":10507,"KZT":167038}}],"children_ages":[],"children":0,"adults":2}]},{"id":10038675,"rooms":[{"variants":[{"variant_id":"hb_45737603_99800106","pansion_title":"Завтрак","pansion_group_id":1,"room_title":"DBL/TWIN","room_category":"STD Standard","roomInfo":"APARTMENT ONE BEDROOM-STANDARD","price":{"RUB":31008,"USD":852,"EUR":618,"BYR":8506996,"UAH":9756,"KZT":155104}}],"children_ages":[],"children":0,"adults":2}]},{"id":10026939,"rooms":[{"variants":[{"variant_id":"hb_45737603_99800345","pansion_title":"Завтрак Шведский стол","pansion_group_id":1,"room_title":"DBL/TWIN","room_category":"STD ROH","roomInfo":"Double Room","price":{"RUB":27652,"USD":760,"EUR":551,"BYR":7586283,"UAH":8700,"KZT":138317}}],"children_ages":[],"children":0,"adults":2}]},{"id":10005982,"rooms":[{"variants":[{"variant_id":"hb_45737603_99800116","pansion_title":"Завтрак","pansion_group_id":1,"room_title":"DBL/TWIN","room_category":"STD Standard","roomInfo":"Double or Twin STANDARD","price":{"RUB":28622,"USD":786,"EUR":570,"BYR":7852401,"UAH":9005,"KZT":143169}}],"children_ages":[],"children":0,"adults":2}]},{"id":10065326,"rooms":[{"variants":[{"variant_id":"hb_45737603_99800120","pansion_title":"Завтрак","pansion_group_id":1,"room_title":"DBL/TWIN","room_category":"STD Standard","roomInfo":"Double or Twin STANDARD","price":{"RUB":36267,"USD":997,"EUR":722,"BYR":9949794,"UAH":11411,"KZT":181409}}],"children_ages":[],"children":0,"adults":2}]},{"id":10128872,"rooms":[{"variants":[{"variant_id":"hb_45737603_99800122","pansion_title":"Завтрак","pansion_group_id":1,"room_title":"DBL/TWIN","room_category":"STD Standard","roomInfo":"Double or Twin STANDARD","price":{"RUB":38013,"USD":1045,"EUR":757,"BYR":10428807,"UAH":11960,"KZT":190143}}],"children_ages":[],"children":0,"adults":2}]},{"id":10042927,"rooms":[{"variants":[{"variant_id":"hb_45737603_99800128","pansion_title":"Завтрак","pansion_group_id":1,"room_title":"DBL/TWIN","room_category":"STD Standard","roomInfo":"Double or Twin STANDARD","price":{"RUB":38642,"USD":1062,"EUR":770,"BYR":10601372,"UAH":12158,"KZT":193289}}],"children_ages":[],"children":0,"adults":2}]},{"id":10005990,"rooms":[{"variants":[{"variant_id":"hb_45737603_99800335","pansion_title":"Завтрак Шведский стол","pansion_group_id":1,"room_title":"DBL/TWIN","room_category":"STD ROH","roomInfo":"Double Room","price":{"RUB":43782,"USD":1203,"EUR":872,"BYR":12011523,"UAH":13775,"KZT":219000}}],"children_ages":[],"children":0,"adults":2}]},{"id":10126417,"rooms":[{"variants":[{"variant_id":"hb_45737603_99800138","pansion_title":"Завтрак","pansion_group_id":1,"room_title":"DBL/TWIN","room_category":"STD Standard","roomInfo":"Double or Twin STANDARD","price":{"RUB":45078,"USD":1239,"EUR":898,"BYR":12367078,"UAH":14183,"KZT":225482}}],"children_ages":[],"children":0,"adults":2}]},{"id":10230339,"rooms":[{"variants":[{"variant_id":"hb_45737603_99800233","pansion_title":"Завтрак","pansion_group_id":1,"room_title":"DBL/TWIN","room_category":"STD ROH","roomInfo":"Double Room, Partial Sea View","price":{"RUB":43526,"USD":1196,"EUR":867,"BYR":11941289,"UAH":13695,"KZT":217719}}],"children_ages":[],"children":0,"adults":2}]},{"id":10196261,"rooms":[{"variants":[{"variant_id":"hb_45737603_99800303","pansion_title":"Завтрак Шведский стол","pansion_group_id":1,"room_title":"DBL/TWIN","room_category":"STD ROH","roomInfo":"Standard Double Room","price":{"RUB":30417,"USD":836,"EUR":606,"BYR":8344856,"UAH":9570,"KZT":152147}}],"children_ages":[],"children":0,"adults":2}]},{"id":10214491,"rooms":[{"variants":[{"variant_id":"hb_45737603_99800309","pansion_title":"Завтрак Шведский стол","pansion_group_id":1,"room_title":"DBL/TWIN","room_category":"STD ROH","roomInfo":"Studio","price":{"RUB":34713,"USD":954,"EUR":691,"BYR":9523457,"UAH":10922,"KZT":173636}}],"children_ages":[],"children":0,"adults":2}]},{"id":10176912,"rooms":[{"variants":[{"variant_id":"hb_45737603_99800518","pansion_title":"Завтрак + ужин","pansion_group_id":2,"room_title":"DBL","room_category":"STD ROH","roomInfo":"DBL; Dbl/Twin Balc / Terr-SideSeaVw","price":{"RUB":34532,"USD":949,"EUR":688,"BYR":9473800,"UAH":10865,"KZT":172731}}],"children_ages":[],"children":0,"adults":2}]},{"id":10212300,"rooms":[{"variants":[{"variant_id":"hb_45737603_99800530","pansion_title":"Завтрак","pansion_group_id":1,"room_title":"DBL","room_category":"STD ROH","roomInfo":"DBL classic studio apartment","price":{"RUB":26356,"USD":724,"EUR":525,"BYR":7230727,"UAH":8292,"KZT":131834}}],"children_ages":[],"children":0,"adults":2}]}]}}
_______________________________________
2014-04-23 10:29:34 {"method":"hotel_get_current_hotels","id":0,"params":["06091509911-123-123-20"]}
_______________________________________
2014-04-23 10:29:28 11 done
_______________________________________
2014-04-23 10:29:28 iteration 10 done
_______________________________________
2014-04-23 10:29:27 iteration 10 started
_______________________________________
2014-04-23 10:29:27 iteration 9 done
_______________________________________
2014-04-23 10:29:26 iteration 9 started
_______________________________________
2014-04-23 10:29:26 iteration 8 done
_______________________________________
2014-04-23 10:29:21 from redis
_______________________________________
2014-04-23 10:29:21 {"jsonrpc":"2.0","id":0,"result":{"search_state":{"completed":false,"hotels_count":17,"hash":"17565605"},"hotels":[{"id":10128881,"rooms":[{"variants":[{"variant_id":"hb_45737603_99800054","pansion_title":"Завтрак","pansion_group_id":1,"room_title":"DBL/TWIN","room_category":"STD Standard","roomInfo":"STUDIO STANDARD","price":{"RUB":22805,"USD":627,"EUR":454,"BYR":6256516,"UAH":7175,"KZT":114072}}],"children_ages":[],"children":0,"adults":2}]},{"id":10024900,"rooms":[{"variants":[{"variant_id":"hb_45737603_99800057","pansion_title":"Завтрак","pansion_group_id":1,"room_title":"DBL/TWIN","room_category":"STD Standard","roomInfo":"Double or Twin STANDARD","price":{"RUB":19318,"USD":531,"EUR":385,"BYR":5299863,"UAH":6078,"KZT":96630}}],"children_ages":[],"children":0,"adults":2}]},{"id":10029707,"rooms":[{"variants":[{"variant_id":"hb_45737603_99800071","pansion_title":"Завтрак","pansion_group_id":1,"room_title":"DBL/TWIN","room_category":"STD Standard","roomInfo":"STUDIO STANDARD","price":{"RUB":25044,"USD":688,"EUR":499,"BYR":6870782,"UAH":7880,"KZT":125271}}],"children_ages":[],"children":0,"adults":2}]},{"id":10128853,"rooms":[{"variants":[{"variant_id":"hb_45737603_99800087","pansion_title":"Завтрак","pansion_group_id":1,"room_title":"DBL/TWIN","room_category":"STD Standard","roomInfo":"STUDIO STANDARD","price":{"RUB":32792,"USD":901,"EUR":653,"BYR":8996433,"UAH":10317,"KZT":164027}}],"children_ages":[],"children":0,"adults":2}]},{"id":10203046,"rooms":[{"variants":[{"variant_id":"hb_45737603_99800092","pansion_title":"Завтрак","pansion_group_id":1,"room_title":"DBL/TWIN","room_category":"STD Standard","roomInfo":"STUDIO STANDARD","price":{"RUB":33394,"USD":918,"EUR":665,"BYR":9161591,"UAH":10507,"KZT":167038}}],"children_ages":[],"children":0,"adults":2}]},{"id":10038675,"rooms":[{"variants":[{"variant_id":"hb_45737603_99800106","pansion_title":"Завтрак","pansion_group_id":1,"room_title":"DBL/TWIN","room_category":"STD Standard","roomInfo":"APARTMENT ONE BEDROOM-STANDARD","price":{"RUB":31008,"USD":852,"EUR":618,"BYR":8506996,"UAH":9756,"KZT":155104}}],"children_ages":[],"children":0,"adults":2}]},{"id":10026939,"rooms":[{"variants":[{"variant_id":"hb_45737603_99800345","pansion_title":"Завтрак Шведский стол","pansion_group_id":1,"room_title":"DBL/TWIN","room_category":"STD ROH","roomInfo":"Double Room","price":{"RUB":27652,"USD":760,"EUR":551,"BYR":7586283,"UAH":8700,"KZT":138317}}],"children_ages":[],"children":0,"adults":2}]},{"id":10005982,"rooms":[{"variants":[{"variant_id":"hb_45737603_99800116","pansion_title":"Завтрак","pansion_group_id":1,"room_title":"DBL/TWIN","room_category":"STD Standard","roomInfo":"Double or Twin STANDARD","price":{"RUB":28622,"USD":786,"EUR":570,"BYR":7852401,"UAH":9005,"KZT":143169}}],"children_ages":[],"children":0,"adults":2}]},{"id":10065326,"rooms":[{"variants":[{"variant_id":"hb_45737603_99800120","pansion_title":"Завтрак","pansion_group_id":1,"room_title":"DBL/TWIN","room_category":"STD Standard","roomInfo":"Double or Twin STANDARD","price":{"RUB":36267,"USD":997,"EUR":722,"BYR":9949794,"UAH":11411,"KZT":181409}}],"children_ages":[],"children":0,"adults":2}]},{"id":10128872,"rooms":[{"variants":[{"variant_id":"hb_45737603_99800122","pansion_title":"Завтрак","pansion_group_id":1,"room_title":"DBL/TWIN","room_category":"STD Standard","roomInfo":"Double or Twin STANDARD","price":{"RUB":38013,"USD":1045,"EUR":757,"BYR":10428807,"UAH":11960,"KZT":190143}}],"children_ages":[],"children":0,"adults":2}]},{"id":10042927,"rooms":[{"variants":[{"variant_id":"hb_45737603_99800128","pansion_title":"Завтрак","pansion_group_id":1,"room_title":"DBL/TWIN","room_category":"STD Standard","roomInfo":"Double or Twin STANDARD","price":{"RUB":38642,"USD":1062,"EUR":770,"BYR":10601372,"UAH":12158,"KZT":193289}}],"children_ages":[],"children":0,"adults":2}]},{"id":10005990,"rooms":[{"variants":[{"variant_id":"hb_45737603_99800335","pansion_title":"Завтрак Шведский стол","pansion_group_id":1,"room_title":"DBL/TWIN","room_category":"STD ROH","roomInfo":"Double Room","price":{"RUB":43782,"USD":1203,"EUR":872,"BYR":12011523,"UAH":13775,"KZT":219000}}],"children_ages":[],"children":0,"adults":2}]},{"id":10126417,"rooms":[{"variants":[{"variant_id":"hb_45737603_99800138","pansion_title":"Завтрак","pansion_group_id":1,"room_title":"DBL/TWIN","room_category":"STD Standard","roomInfo":"Double or Twin STANDARD","price":{"RUB":45078,"USD":1239,"EUR":898,"BYR":12367078,"UAH":14183,"KZT":225482}}],"children_ages":[],"children":0,"adults":2}]},{"id":10230339,"rooms":[{"variants":[{"variant_id":"hb_45737603_99800233","pansion_title":"Завтрак","pansion_group_id":1,"room_title":"DBL/TWIN","room_category":"STD ROH","roomInfo":"Double Room, Partial Sea View","price":{"RUB":43526,"USD":1196,"EUR":867,"BYR":11941289,"UAH":13695,"KZT":217719}}],"children_ages":[],"children":0,"adults":2}]},{"id":10196261,"rooms":[{"variants":[{"variant_id":"hb_45737603_99800303","pansion_title":"Завтрак Шведский стол","pansion_group_id":1,"room_title":"DBL/TWIN","room_category":"STD ROH","roomInfo":"Standard Double Room","price":{"RUB":30417,"USD":836,"EUR":606,"BYR":8344856,"UAH":9570,"KZT":152147}}],"children_ages":[],"children":0,"adults":2}]},{"id":10214491,"rooms":[{"variants":[{"variant_id":"hb_45737603_99800309","pansion_title":"Завтрак Шведский стол","pansion_group_id":1,"room_title":"DBL/TWIN","room_category":"STD ROH","roomInfo":"Studio","price":{"RUB":34713,"USD":954,"EUR":691,"BYR":9523457,"UAH":10922,"KZT":173636}}],"children_ages":[],"children":0,"adults":2}]},{"id":10176912,"rooms":[{"variants":[{"variant_id":"hb_45737603_99800518","pansion_title":"Завтрак + ужин","pansion_group_id":2,"room_title":"DBL","room_category":"STD ROH","roomInfo":"DBL; Dbl/Twin Balc / Terr-SideSeaVw","price":{"RUB":34532,"USD":949,"EUR":688,"BYR":9473800,"UAH":10865,"KZT":172731}}],"children_ages":[],"children":0,"adults":2}]}]}}
_______________________________________
2014-04-23 10:29:20 {"method":"hotel_get_current_hotels","id":0,"params":["06091509911-123-123-20"]}
_______________________________________
2014-04-23 10:29:20 iteration 8 started
_______________________________________
2014-04-23 10:29:20 in GetCurrentResults
_______________________________________
2014-04-23 10:29:20 iteration 7 done
_______________________________________
2014-04-23 10:29:07 from redis
_______________________________________
2014-04-23 10:29:07 iteration 7 started
_______________________________________
2014-04-23 10:29:07 iteration 6 done
_______________________________________
2014-04-23 10:29:06 in GetCurrentResults
_______________________________________
2014-04-23 10:29:05 from redis
_______________________________________
2014-04-23 10:29:05 iteration 6 started
_______________________________________
2014-04-23 10:29:05 iteration 5 done
_______________________________________
2014-04-23 10:29:03 iteration 5 started
_______________________________________
2014-04-23 10:29:03 iteration 4 done
_______________________________________
2014-04-23 10:29:02 {"jsonrpc":"2.0","id":0,"result":{"search_state":{"completed":false,"hotels_count":0,"hash":"00"},"hotels":[]}}
_______________________________________
2014-04-23 10:29:02 {"method":"hotel_get_current_hotels","id":0,"params":["06091509911-123-123-20"]}
_______________________________________
2014-04-23 10:29:02 iteration 4 started
_______________________________________
2014-04-23 10:29:02 iteration 3 done
_______________________________________
2014-04-23 10:29:01 in GetCurrentResults
_______________________________________
2014-04-23 10:29:01 in GetCurrentResults
_______________________________________
2014-04-23 10:29:01 in GetCurrentResults
_______________________________________
2014-04-23 10:29:01 in GetCurrentResults
_______________________________________
2014-04-23 10:29:01 iteration 3 started
_______________________________________
2014-04-23 10:29:01 iteration 2 done
_______________________________________
2014-04-23 10:29:01 in GetCurrentResults
_______________________________________
2014-04-23 10:29:00 in GetCurrentResults
_______________________________________
2014-04-23 10:29:00 {"jsonrpc":"2.0","id":0,"result":{"search_state":{"completed":false,"hotels_count":0,"hash":"00"},"hotels":[]}}
_______________________________________
2014-04-23 10:29:00 in GetCurrentResults
_______________________________________
2014-04-23 10:29:00 {"method":"hotel_get_current_hotels","id":0,"params":["06091509911-123-123-20"]}
_______________________________________
2014-04-23 10:29:00 in GetCurrentResults
_______________________________________
2014-04-23 10:29:00 in GetCurrentResults
_______________________________________
2014-04-23 10:29:00 iteration 2 started
_______________________________________
2014-04-23 10:29:00 iteration 1 done
_______________________________________
2014-04-23 10:29:00 in GetCurrentResults
_______________________________________
2014-04-23 10:28:59 in GetCurrentResults
_______________________________________
2014-04-23 10:28:59 in GetCurrentResults
_______________________________________
2014-04-23 10:28:59 iteration 1 started
_______________________________________
2014-04-23 10:28:59 iteration 0 done
_______________________________________
2014-04-23 10:28:58 {"jsonrpc":"2.0","id":0,"result":{"search_state":{"completed":false,"hotels_count":0,"hash":"00"},"hotels":[]}}
_______________________________________
2014-04-23 10:28:58 iteration 0 started
_______________________________________
2014-04-23 10:28:58  group 6 fail Входная строка имела неверный формат.
_______________________________________
2014-04-23 10:28:58  group 6 true
_______________________________________
2014-04-23 10:28:58  group 5 fail Входная строка имела неверный формат.
_______________________________________
2014-04-23 10:28:58  group 5 true
_______________________________________
2014-04-23 10:28:58  group 4 14,35
_______________________________________
2014-04-23 10:28:58  group 3 5,7,10,36
_______________________________________
2014-04-23 10:28:58  group 2 4,8,3,9,15,32
_______________________________________
2014-04-23 10:28:58  group 1 2,26,29,21,23,17,30,27,18,24,12,34,13,31,16,19,33,20,28
_______________________________________
2014-04-23 10:28:58  group 0 25,1,6
_______________________________________
2014-04-23 10:28:58 in UtsService
_______________________________________
2014-04-23 10:28:58 init__hotel_search
_______________________________________
2014-04-23 10:28:57 {"method":"hotel_get_current_hotels","id":0,"params":["06091509911-123-123-20"]}
_______________________________________
2014-04-23 10:28:13 {"jsonrpc":"2.0","id":0,"result":{"search_state":{"completed":false,"tickets_count":0,"hash":"00"},"tickets":[]}}
_______________________________________
2014-04-23 10:28:10 {"method":"flight_get_current_tickets","id":0,"params":["1208MSQDME2408DMEMSQ-1-2-0-A"]}
_______________________________________
2014-04-23 10:28:08 {"jsonrpc":"2.0","id":0,"result":{"search_state":{"completed":false,"tickets_count":0,"hash":"00"},"tickets":[]}}
_______________________________________
2014-04-23 10:28:04 {"method":"flight_get_current_tickets","id":0,"params":["1208MSQDME2408DMEMSQ-1-2-0-A"]}
_______________________________________
2014-04-23 10:22:16 {"jsonrpc":"2.0","id":0,"result":{"search_state":{"completed":true,"hotels_count":0,"hash":"00"},"hotels":[]}}
_______________________________________
2014-04-23 10:22:16 {"method":"hotel_get_current_hotels","id":0,"params":["08091509911-123-123-20"]}
_______________________________________
2014-04-23 10:22:14 {"jsonrpc":"2.0","id":0,"result":{"search_state":{"completed":true,"hotels_count":0,"hash":"00"},"hotels":[]}}
_______________________________________
2014-04-23 10:22:14 {"method":"hotel_get_current_hotels","id":0,"params":["08091509911-123-123-20"]}
_______________________________________
2014-04-23 10:22:14 10 done
_______________________________________
2014-04-23 10:22:14 iteration 9 done
_______________________________________
2014-04-23 10:22:13 {"jsonrpc":"2.0","id":0,"result":{"search_state":{"completed":false,"hotels_count":0,"hash":"00"},"hotels":[]}}
_______________________________________
2014-04-23 10:22:13 {"method":"hotel_get_current_hotels","id":0,"params":["08091509911-123-123-20"]}
_______________________________________
2014-04-23 10:22:12 iteration 9 started
_______________________________________
2014-04-23 10:22:12 iteration 8 done
_______________________________________
2014-04-23 10:22:12 Course not founded for date and rates USD RUB 23.04.2014 0:00:00
   в ClickAndTravelSearchEngine.MasterTour.MtHelper.getCourse(String rate1, String rate2, DateTime date) в c:\Users\svs\Documents\Visual Studio 2013\Projects\CATSE\ClickAndTravelSearchEngine\MasterTour\MtHelper.cs:строка 135
   в ClickAndTravelSearchEngine.MasterTour.MtHelper.GetCourses(String[] iso_codes, String base_rate, DateTime date) в c:\Users\svs\Documents\Visual Studio 2013\Projects\CATSE\ClickAndTravelSearchEngine\MasterTour\MtHelper.cs:строка 79
   в ClickAndTravelSearchEngine.HotelSearchExt.UtsService.ComposeHotelsResults(Dictionary`2 results) в c:\Users\svs\Documents\Visual Studio 2013\Projects\CATSE\ClickAndTravelSearchEngine\HotelSearchExt\UtsService.cs:строка 374
   в ClickAndTravelSearchEngine.HotelSearchExt.UtsService.FindHotels() в c:\Users\svs\Documents\Visual Studio 2013\Projects\CATSE\ClickAndTravelSearchEngine\HotelSearchExt\UtsService.cs:строка 499
_______________________________________
2014-04-23 10:22:12 Невозможно найти столбец RC_DATEBEG.    в System.Data.DataTable.ParseSortString(String sortString)
   в System.Data.DataView.CheckSort(String sort)
   в System.Data.DataView.set_Sort(String value)
   в ClickAndTravelSearchEngine.MasterTour.MtHelper.getCourse(String rate1, String rate2, DateTime date) в c:\Users\svs\Documents\Visual Studio 2013\Projects\CATSE\ClickAndTravelSearchEngine\MasterTour\MtHelper.cs:строка 106
_______________________________________
2014-04-23 10:22:11 iteration 8 started
_______________________________________
2014-04-23 10:22:11 iteration 7 done
_______________________________________
2014-04-23 10:22:11 {"jsonrpc":"2.0","id":0,"result":{"search_state":{"completed":false,"hotels_count":0,"hash":"00"},"hotels":[]}}
_______________________________________
2014-04-23 10:22:11 {"method":"hotel_get_current_hotels","id":0,"params":["08091509911-123-123-20"]}
_______________________________________
2014-04-23 10:22:10 iteration 7 started
_______________________________________
2014-04-23 10:22:10 iteration 6 done
_______________________________________
2014-04-23 10:22:09 iteration 6 started
_______________________________________
2014-04-23 10:22:09 iteration 5 done
_______________________________________
2014-04-23 10:22:08 Server=192.168.222.225; Database=click1; User ID=mn01;Password=price;Trusted_Connection=no
_______________________________________
2014-04-23 10:22:08 {"jsonrpc":"2.0","id":0,"result":{"search_state":{"completed":false,"hotels_count":0,"hash":"00"},"hotels":[]}}
_______________________________________
2014-04-23 10:22:08 iteration 5 started
_______________________________________
2014-04-23 10:22:08 iteration 4 done
_______________________________________
2014-04-23 10:22:07 iteration 4 started
_______________________________________
2014-04-23 10:22:07 iteration 3 done
_______________________________________
2014-04-23 10:22:06 {"method":"hotel_get_current_hotels","id":0,"params":["08091509911-123-123-20"]}
_______________________________________
2014-04-23 10:22:06 iteration 3 started
_______________________________________
2014-04-23 10:22:06 iteration 2 done
_______________________________________
2014-04-23 10:22:05 in GetCurrentResults
_______________________________________
2014-04-23 10:22:05 in GetCurrentResults
_______________________________________
2014-04-23 10:22:05 {"jsonrpc":"2.0","id":0,"result":{"search_state":{"completed":false,"hotels_count":0,"hash":"00"},"hotels":[]}}
_______________________________________
2014-04-23 10:22:05 in GetCurrentResults
_______________________________________
2014-04-23 10:22:05 {"method":"hotel_get_current_hotels","id":0,"params":["08091509911-123-123-20"]}
_______________________________________
2014-04-23 10:22:05 in GetCurrentResults
_______________________________________
2014-04-23 10:22:05 iteration 2 started
_______________________________________
2014-04-23 10:22:04 iteration 1 done
_______________________________________
2014-04-23 10:22:04 in GetCurrentResults
_______________________________________
2014-04-23 10:22:03 iteration 1 started
_______________________________________
2014-04-23 10:22:03 in GetCurrentResults
