_______________________________________
2016-03-03 17:08:31 init__hotel_search
_______________________________________
2016-03-03 17:08:31 iteration 0 started
_______________________________________
2016-03-03 17:08:32 iteration 0 done
_______________________________________
2016-03-03 17:09:41 init__hotel_search
_______________________________________
2016-03-03 17:09:41 iteration 0 started
_______________________________________
2016-03-03 17:09:42 iteration 0 done
_______________________________________
2016-03-03 17:10:53 init__hotel_search
_______________________________________
2016-03-03 17:10:58 Unable to connect to any of the specified MySQL hosts.   в MySql.Data.MySqlClient.NativeDriver.Open()
   в MySql.Data.MySqlClient.Driver.Open()
   в MySql.Data.MySqlClient.Driver.Create(MySqlConnectionStringBuilder settings)
   в MySql.Data.MySqlClient.MySqlPool.GetPooledConnection()
   в MySql.Data.MySqlClient.MySqlPool.TryToGetDriver()
   в MySql.Data.MySqlClient.MySqlPool.GetConnection()
   в MySql.Data.MySqlClient.MySqlConnection.Open()
   в ClickAndTravelSearchEngine.HotelSearchExt.OstrovokSearch.GetCityId(Int32 CityId) в C:\Users\svs\Documents\Visual Studio 2013\Projects\CATSE\ClickAndTravelSearchEngine\HotelSearchExt\OstrovokSearch.cs:строка 82
   в ClickAndTravelSearchEngine.HotelSearchExt.OstrovokSearch..ctor(Int32 CityId, DateTime StartDate, DateTime EndDate, Int32[] Stars, Int32[] Pansions, RequestRoom Room, String SearchId, Int64 RESULTS_LIFETIME) в C:\Users\svs\Documents\Visual Studio 2013\Projects\CATSE\ClickAndTravelSearchEngine\HotelSearchExt\OstrovokSearch.cs:строка 56
   в ClickAndTravelSearchEngine.SearchEngine.FindHotels(Int32 CityId, DateTime StartDate, DateTime EndDate, Int32[] Stars, Int32[] Pansions, RequestRoom[] Rooms, String SearchId) в c:\Users\svs\Documents\Visual Studio 2013\Projects\CATSE\ClickAndTravelSearchEngine\App_Code\SearchEngine.asmx.cs:строка 1469
