_______________________________________
2016-03-03 17:08:31 {"id":1,"method":"hotel_get_current_hotels","params":{"search_id":"230330031238---10"}}
_______________________________________
2016-03-03 17:08:31 {"jsonrpc":"2.0","id":1,"result":{"search_state":{"completed":false,"hotels_count":0,"hash":"00"},"h
_______________________________________
2016-03-03 17:08:47 {"id":2,"method":"hotel_get_current_hotels","params":{"search_id":"230330031238---10"}}
_______________________________________
2016-03-03 17:08:47 {"jsonrpc":"2.0","id":2,"result":{"search_state":{"completed":true,"hotels_count":0,"hash":"00"},"ho
_______________________________________
2016-03-03 17:09:41 {"id":3,"method":"hotel_get_current_hotels","params":{"search_id":"240330031238---10"}}
_______________________________________
2016-03-03 17:09:41 {"jsonrpc":"2.0","id":3,"result":{"search_state":{"completed":false,"hotels_count":0,"hash":"00"},"h
_______________________________________
2016-03-03 17:09:49 {"id":4,"method":"hotel_get_current_hotels","params":{"search_id":"240330031238---10"}}
_______________________________________
2016-03-03 17:09:49 {"jsonrpc":"2.0","id":4,"result":{"search_state":{"completed":true,"hotels_count":0,"hash":"00"},"ho
_______________________________________
2016-03-03 17:09:50 {"id":5,"method":"hotel_get_current_hotels","params":{"search_id":"240330031238---10"}}
_______________________________________
2016-03-03 17:09:50 {"jsonrpc":"2.0","id":5,"result":{"search_state":{"completed":true,"hotels_count":0,"hash":"00"},"ho
_______________________________________
2016-03-03 17:10:48 {"id":6,"method":"hotel_get_current_hotels","params":{"search_id":"240330031238---10"}}
_______________________________________
2016-03-03 17:10:48 {"jsonrpc":"2.0","id":6,"result":{"search_state":{"completed":true,"hotels_count":0,"hash":"00"},"ho
_______________________________________
2016-03-03 17:10:53 {"id":7,"method":"hotel_get_current_hotels","params":{"search_id":"250330031238---10"}}
_______________________________________
2016-03-03 17:10:53 {"jsonrpc":"2.0","id":7,"result":{"search_state":{"completed":false,"hotels_count":0,"hash":"00"},"h
_______________________________________
2016-03-03 17:11:03 {"id":8,"method":"hotel_get_current_hotels","params":{"search_id":"250330031238---10"}}
_______________________________________
2016-03-03 17:11:03 {"jsonrpc":"2.0","id":8,"result":{"search_state":{"completed":false,"hotels_count":0,"hash":"00"},"h
_______________________________________
2016-03-03 17:11:05 {"id":9,"method":"hotel_get_current_hotels","params":{"search_id":"250330031238---10"}}
_______________________________________
2016-03-03 17:11:05 {"jsonrpc":"2.0","id":9,"result":{"search_state":{"completed":false,"hotels_count":0,"hash":"00"},"h
_______________________________________
2016-03-03 17:11:05 {"id":10,"method":"hotel_get_current_hotels","params":{"search_id":"250330031238---10"}}
_______________________________________
2016-03-03 17:11:05 {"jsonrpc":"2.0","id":10,"result":{"search_state":{"completed":false,"hotels_count":0,"hash":"00"},"
_______________________________________
2016-03-03 17:11:06 {"id":11,"method":"hotel_get_current_hotels","params":{"search_id":"250330031238---10"}}
_______________________________________
2016-03-03 17:11:06 {"jsonrpc":"2.0","id":11,"result":{"search_state":{"completed":false,"hotels_count":0,"hash":"00"},"
_______________________________________
2016-03-03 17:11:07 {"id":12,"method":"hotel_get_current_hotels","params":{"search_id":"250330031238---10"}}
_______________________________________
2016-03-03 17:11:07 {"jsonrpc":"2.0","id":12,"result":{"search_state":{"completed":false,"hotels_count":0,"hash":"00"},"
_______________________________________
2016-03-03 17:11:08 {"id":13,"method":"hotel_get_current_hotels","params":{"search_id":"250330031238---10"}}
_______________________________________
2016-03-03 17:11:08 {"jsonrpc":"2.0","id":13,"result":{"search_state":{"completed":false,"hotels_count":0,"hash":"00"},"
_______________________________________
2016-03-03 17:11:08 {"id":14,"method":"hotel_get_current_hotels","params":{"search_id":"250330031238---10"}}
_______________________________________
2016-03-03 17:11:08 {"jsonrpc":"2.0","id":14,"result":{"search_state":{"completed":false,"hotels_count":0,"hash":"00"},"
_______________________________________
2016-03-03 17:11:09 {"id":15,"method":"hotel_get_current_hotels","params":{"search_id":"250330031238---10"}}
_______________________________________
2016-03-03 17:11:09 {"jsonrpc":"2.0","id":15,"result":{"search_state":{"completed":false,"hotels_count":0,"hash":"00"},"
_______________________________________
2016-03-03 17:11:09 {"id":16,"method":"hotel_get_current_hotels","params":{"search_id":"250330031238---10"}}
_______________________________________
2016-03-03 17:11:09 {"jsonrpc":"2.0","id":16,"result":{"search_state":{"completed":false,"hotels_count":0,"hash":"00"},"
_______________________________________
2016-03-03 17:11:10 {"id":17,"method":"hotel_get_current_hotels","params":{"search_id":"250330031238---10"}}
_______________________________________
2016-03-03 17:11:10 {"jsonrpc":"2.0","id":17,"result":{"search_state":{"completed":false,"hotels_count":0,"hash":"00"},"
_______________________________________
2016-03-03 17:11:10 {"id":18,"method":"hotel_get_current_hotels","params":{"search_id":"250330031238---10"}}
_______________________________________
2016-03-03 17:11:10 {"jsonrpc":"2.0","id":18,"result":{"search_state":{"completed":false,"hotels_count":0,"hash":"00"},"
_______________________________________
2016-03-03 17:11:11 {"id":19,"method":"hotel_get_current_hotels","params":{"search_id":"250330031238---10"}}
_______________________________________
2016-03-03 17:11:11 {"jsonrpc":"2.0","id":19,"result":{"search_state":{"completed":false,"hotels_count":0,"hash":"00"},"
_______________________________________
2016-03-03 17:11:11 {"id":20,"method":"hotel_get_current_hotels","params":{"search_id":"250330031238---10"}}
_______________________________________
2016-03-03 17:11:11 {"jsonrpc":"2.0","id":20,"result":{"search_state":{"completed":false,"hotels_count":0,"hash":"00"},"
_______________________________________
2016-03-03 17:11:12 {"id":21,"method":"hotel_get_current_hotels","params":{"search_id":"250330031238---10"}}
_______________________________________
2016-03-03 17:11:12 {"jsonrpc":"2.0","id":21,"result":{"search_state":{"completed":false,"hotels_count":0,"hash":"00"},"
_______________________________________
2016-03-03 17:11:12 {"id":22,"method":"hotel_get_current_hotels","params":{"search_id":"250330031238---10"}}
_______________________________________
2016-03-03 17:11:12 {"jsonrpc":"2.0","id":22,"result":{"search_state":{"completed":false,"hotels_count":0,"hash":"00"},"
_______________________________________
2016-03-03 17:11:13 {"id":23,"method":"hotel_get_current_hotels","params":{"search_id":"250330031238---10"}}
_______________________________________
2016-03-03 17:11:13 {"jsonrpc":"2.0","id":23,"result":{"search_state":{"completed":false,"hotels_count":0,"hash":"00"},"
_______________________________________
2016-03-03 17:11:13 {"id":24,"method":"hotel_get_current_hotels","params":{"search_id":"250330031238---10"}}
_______________________________________
2016-03-03 17:11:13 {"jsonrpc":"2.0","id":24,"result":{"search_state":{"completed":false,"hotels_count":0,"hash":"00"},"
_______________________________________
2016-03-03 17:11:14 {"id":25,"method":"hotel_get_current_hotels","params":{"search_id":"250330031238---10"}}
_______________________________________
2016-03-03 17:11:14 {"jsonrpc":"2.0","id":25,"result":{"search_state":{"completed":false,"hotels_count":0,"hash":"00"},"
_______________________________________
2016-03-03 17:11:14 {"id":26,"method":"hotel_get_current_hotels","params":{"search_id":"250330031238---10"}}
_______________________________________
2016-03-03 17:11:14 {"jsonrpc":"2.0","id":26,"result":{"search_state":{"completed":false,"hotels_count":0,"hash":"00"},"
_______________________________________
2016-03-03 17:11:15 {"id":27,"method":"hotel_get_current_hotels","params":{"search_id":"250330031238---10"}}
_______________________________________
2016-03-03 17:11:15 {"jsonrpc":"2.0","id":27,"result":{"search_state":{"completed":false,"hotels_count":0,"hash":"00"},"
_______________________________________
2016-03-03 17:11:15 {"id":28,"method":"hotel_get_current_hotels","params":{"search_id":"250330031238---10"}}
_______________________________________
2016-03-03 17:11:15 {"jsonrpc":"2.0","id":28,"result":{"search_state":{"completed":false,"hotels_count":0,"hash":"00"},"
_______________________________________
2016-03-03 17:11:16 {"id":29,"method":"hotel_get_current_hotels","params":{"search_id":"250330031238---10"}}
_______________________________________
2016-03-03 17:11:16 {"jsonrpc":"2.0","id":29,"result":{"search_state":{"completed":false,"hotels_count":0,"hash":"00"},"
_______________________________________
2016-03-03 17:11:16 {"id":30,"method":"hotel_get_current_hotels","params":{"search_id":"250330031238---10"}}
_______________________________________
2016-03-03 17:11:16 {"jsonrpc":"2.0","id":30,"result":{"search_state":{"completed":false,"hotels_count":0,"hash":"00"},"
_______________________________________
2016-03-03 17:11:17 {"id":31,"method":"hotel_get_current_hotels","params":{"search_id":"250330031238---10"}}
_______________________________________
2016-03-03 17:11:17 {"jsonrpc":"2.0","id":31,"result":{"search_state":{"completed":false,"hotels_count":0,"hash":"00"},"
_______________________________________
2016-03-03 17:11:17 {"id":32,"method":"hotel_get_current_hotels","params":{"search_id":"250330031238---10"}}
_______________________________________
2016-03-03 17:11:17 {"jsonrpc":"2.0","id":32,"result":{"search_state":{"completed":false,"hotels_count":0,"hash":"00"},"
_______________________________________
2016-03-03 17:11:18 {"id":33,"method":"hotel_get_current_hotels","params":{"search_id":"250330031238---10"}}
_______________________________________
2016-03-03 17:11:18 {"jsonrpc":"2.0","id":33,"result":{"search_state":{"completed":false,"hotels_count":0,"hash":"00"},"
_______________________________________
2016-03-03 17:11:19 {"id":34,"method":"hotel_get_current_hotels","params":{"search_id":"250330031238---10"}}
_______________________________________
2016-03-03 17:11:19 {"jsonrpc":"2.0","id":34,"result":{"search_state":{"completed":false,"hotels_count":0,"hash":"00"},"
_______________________________________
2016-03-03 17:11:19 {"id":35,"method":"hotel_get_current_hotels","params":{"search_id":"250330031238---10"}}
_______________________________________
2016-03-03 17:11:19 {"jsonrpc":"2.0","id":35,"result":{"search_state":{"completed":false,"hotels_count":0,"hash":"00"},"
_______________________________________
2016-03-03 17:11:20 {"id":36,"method":"hotel_get_current_hotels","params":{"search_id":"250330031238---10"}}
_______________________________________
2016-03-03 17:11:20 {"jsonrpc":"2.0","id":36,"result":{"search_state":{"completed":false,"hotels_count":0,"hash":"00"},"
_______________________________________
2016-03-03 17:11:21 {"id":37,"method":"hotel_get_current_hotels","params":{"search_id":"250330031238---10"}}
_______________________________________
2016-03-03 17:11:21 {"jsonrpc":"2.0","id":37,"result":{"search_state":{"completed":false,"hotels_count":0,"hash":"00"},"
_______________________________________
2016-03-03 17:11:21 {"id":38,"method":"hotel_get_current_hotels","params":{"search_id":"250330031238---10"}}
_______________________________________
2016-03-03 17:11:21 {"jsonrpc":"2.0","id":38,"result":{"search_state":{"completed":false,"hotels_count":0,"hash":"00"},"
_______________________________________
2016-03-03 17:11:22 {"id":39,"method":"hotel_get_current_hotels","params":{"search_id":"250330031238---10"}}
_______________________________________
2016-03-03 17:11:22 {"jsonrpc":"2.0","id":39,"result":{"search_state":{"completed":false,"hotels_count":0,"hash":"00"},"
_______________________________________
2016-03-03 17:11:22 {"id":40,"method":"hotel_get_current_hotels","params":{"search_id":"250330031238---10"}}
_______________________________________
2016-03-03 17:11:22 {"jsonrpc":"2.0","id":40,"result":{"search_state":{"completed":false,"hotels_count":0,"hash":"00"},"
_______________________________________
2016-03-03 17:11:23 {"id":41,"method":"hotel_get_current_hotels","params":{"search_id":"250330031238---10"}}
_______________________________________
2016-03-03 17:11:23 {"jsonrpc":"2.0","id":41,"result":{"search_state":{"completed":false,"hotels_count":0,"hash":"00"},"
